#
# A fatal error has been detected by the Java Runtime Environment:
#
#  EXCEPTION_ACCESS_VIOLATION (0xc0000005) at pc=0x00007fff24167cd1, pid=5992, tid=10152
#
# JRE version: OpenJDK Runtime Environment Corretto-21.0.6.7.1 (21.0.6+7) (build 21.0.6+7-LTS)
# Java VM: OpenJDK 64-Bit Server VM Corretto-21.0.6.7.1 (21.0.6+7-LTS, mixed mode, sharing, tiered, compressed oops, compressed class ptrs, g1 gc, windows-amd64)
# Problematic frame:
# V  [jvm.dll+0x1e7cd1]
#
# No core dump will be written. Minidumps are not enabled by default on client versions of Windows
#
# If you would like to submit a bug report, please visit:
#   https://github.com/corretto/corretto-21/issues/
#

---------------  S U M M A R Y ------------

Command Line: --add-opens=java.base/java.util=ALL-UNNAMED --add-opens=java.base/java.lang=ALL-UNNAMED --add-opens=java.base/java.lang.invoke=ALL-UNNAMED --add-opens=java.prefs/java.util.prefs=ALL-UNNAMED --add-exports=jdk.compiler/com.sun.tools.javac.api=ALL-UNNAMED --add-exports=jdk.compiler/com.sun.tools.javac.util=ALL-UNNAMED --add-opens=java.base/java.nio.charset=ALL-UNNAMED --add-opens=java.base/java.net=ALL-UNNAMED --add-opens=java.base/java.util.concurrent.atomic=ALL-UNNAMED -XX:MaxMetaspaceSize=384m -XX:+HeapDumpOnOutOfMemoryError -Xms256m -Xmx512m -Dfile.encoding=UTF-8 -Duser.country=RU -Duser.language=ru -Duser.variant -javaagent:C:\Users\tester\.gradle\wrapper\dists\gradle-8.10-bin\deqhafrv1ntovfmgh0nh3npr9\gradle-8.10\lib\agents\gradle-instrumentation-agent-8.10.jar org.gradle.launcher.daemon.bootstrap.GradleDaemon 8.10

Host: Intel(R) Core(TM) i7-10700 CPU @ 2.90GHz, 4 cores, 15G,  Windows 10 , 64 bit Build 19041 (10.0.19041.5678)
Time: Mon Apr 28 17:27:19 2025 RTZ 2 (s 10 , 64 bit Build 19041 (10.0.19041.5678) elapsed time: 10.465861 seconds (0d 0h 0m 10s)

---------------  T H R E A D  ---------------

Current thread (0x000002146790a840):  JavaThread "C2 CompilerThread1" daemon [_thread_in_native, id=10152, stack(0x0000005403600000,0x0000005403700000) (1024K)]


Current CompileTask:
C2:10465 6537       4       org.gradle.internal.reflect.ClassInspector::inspectClass (179 bytes)

Stack: [0x0000005403600000,0x0000005403700000],  sp=0x00000054036fcdb0,  free space=1011k
Native frames: (J=compiled Java code, j=interpreted, Vv=VM code, C=native code)
V  [jvm.dll+0x1e7cd1]
V  [jvm.dll+0x3c07eb]
V  [jvm.dll+0x3bfdd2]
V  [jvm.dll+0x1e4ca5]
V  [jvm.dll+0x24e734]
V  [jvm.dll+0x24dbb1]
V  [jvm.dll+0x1cc3e4]
V  [jvm.dll+0x25d279]
V  [jvm.dll+0x25b82b]
V  [jvm.dll+0x3facb6]
V  [jvm.dll+0x85f868]
V  [jvm.dll+0x6d8ded]
C  [ucrtbase.dll+0x21bb2]
C  [KERNEL32.DLL+0x17374]
C  [ntdll.dll+0x4cc91]


siginfo: EXCEPTION_ACCESS_VIOLATION (0xc0000005), writing address 0x00007fff241f6350


Registers:
RAX=0xb8006e059de80e75, RBX=0x00000214687cb470, RCX=0xb8006e0599e80e75, RDX=0x0000000004000000
RSP=0x00000054036fcdb0, RBP=0x00000054036fcfd0, RSI=0x00000000000002a0, RDI=0x0000000000000002
R8 =0x00007fff241f6340, R9 =0x00000000000000fe, R10=0x000000000ffffcff, R11=0x0000000000000000
R12=0x00000214661f93f0, R13=0x0000000000000001, R14=0x00000054036fd350, R15=0x0000000000000000
RIP=0x00007fff24167cd1, EFLAGS=0x0000000000010282

XMM[0]=0x0000000000000000 0x0000000000000000
XMM[1]=0x0000000000000000 0x0000000000000000
XMM[2]=0x0000000000000000 0x0000000000000000
XMM[3]=0x0000000000000000 0x0000000000000000
XMM[4]=0x0000000000000000 0x0000000000000000
XMM[5]=0x0000000000000000 0x0000000000000000
XMM[6]=0x0000000000000000 0x0000000000000000
XMM[7]=0x0000000000000000 0x0000000000000000
XMM[8]=0x0000000000000000 0x0000000000000000
XMM[9]=0x0000000000000000 0x0000000000000000
XMM[10]=0x0000000000000000 0x0000000000000000
XMM[11]=0x0000000000000000 0x0000000000000000
XMM[12]=0x0000000000000000 0x0000000000000000
XMM[13]=0x0000000000000000 0x0000000000000000
XMM[14]=0x0000000000000000 0x0000000000000000
XMM[15]=0x0000000000000000 0x0000000000000000
  MXCSR=0x00001fa0


Register to memory mapping:

RAX=0xb8006e059de80e75 is an unknown value
RBX=0x00000214687cb470 points into unknown readable memory: 0x0000000100000004 | 04 00 00 00 01 00 00 00
RCX=0xb8006e0599e80e75 is an unknown value
RDX=0x0000000004000000 is an unknown value
RSP=0x00000054036fcdb0 is pointing into the stack for thread: 0x000002146790a840
RBP=0x00000054036fcfd0 is pointing into the stack for thread: 0x000002146790a840
RSI=0x00000000000002a0 is an unknown value
RDI=0x0000000000000002 is an unknown value
R8 =0x00007fff241f6340 jvm.dll
R9 =0x00000000000000fe is an unknown value
R10=0x000000000ffffcff is an unknown value
R11=0x0 is null
R12=0x00000214661f93f0 points into unknown readable memory: 0x00007fff2497a798 | 98 a7 97 24 ff 7f 00 00
R13=0x0000000000000001 is an unknown value
R14=0x00000054036fd350 is pointing into the stack for thread: 0x000002146790a840
R15=0x0 is null

Top of Stack: (sp=0x00000054036fcdb0)
0x00000054036fcdb0:   00000214687cb470 00000054036fcfd0
0x00000054036fcdc0:   00007fff24c26340 00007fff24046d21
0x00000054036fcdd0:   00000214690a7710 00007fff243407eb
0x00000054036fcde0:   00000214690b2b30 00000214690b2b30
0x00000054036fcdf0:   0000021468acb020 00007fff245626da
0x00000054036fce00:   00000000000000fe 000000030000019a
0x00000054036fce10:   0000000300000002 0000021467dae820
0x00000054036fce20:   000002146925d0a0 000002146925d090
0x00000054036fce30:   00000000000002a0 00000054036fd350
0x00000054036fce40:   000002146925d090 00007fff2433fdd2
0x00000054036fce50:   0000021465ac8208 000000000000029d
0x00000054036fce60:   0000000000000002 0000021466ca3d60
0x00000054036fce70:   0000021468180000 0000000000000000
0x00000054036fce80:   00000000001a2f30 0000021468acdd00
0x00000054036fce90:   0000021468ad38f8 00007fff249c5808
0x00000054036fcea0:   0000000000000000 0000000000000000
0x00000054036fceb0:   0000000000000000 00007fff249c5808
0x00000054036fcec0:   0000000000000000 0000021466babd10
0x00000054036fced0:   0000021466babd10 0000021466bac0f8
0x00000054036fcee0:   0000021466babd20 0000000000000000
0x00000054036fcef0:   00000054036fd430 00000054036fd010
0x00000054036fcf00:   00000000000003d8 00007fff24164ca5
0x00000054036fcf10:   000000540000014b 00000214661f93f0
0x00000054036fcf20:   00000054036fd350 0000021465c04bb0
0x00000054036fcf30:   0000000000008800 000000000000000e
0x00000054036fcf40:   00000054036fd007 0000021466babd10
0x00000054036fcf50:   0000021466ed2ce0 0000021466ed39b0
0x00000054036fcf60:   0000021466edacc8 0000000000187a58
0x00000054036fcf70:   0000000000000000 0000000000000000
0x00000054036fcf80:   00000000000088d8 0000000000009700
0x00000054036fcf90:   0000000000000000 00007fff2498efa0
0x00000054036fcfa0:   0000000000000000 00000054036fe840 

Instructions: (pc=0x00007fff24167cd1)
0x00007fff24167bd1:   c7 c7 43 34 00 00 00 00 3b be e0 00 00 00 0f 82
0x00007fff24167be1:   7b ff ff ff 0f 28 74 24 40 48 83 c4 58 41 5f 41
0x00007fff24167bf1:   5e 41 5d 41 5c 5f 5e 5d 5b c3 ba f8 03 00 00 48
0x00007fff24167c01:   8d 0d b1 74 82 00 e8 34 e5 09 00 cc 0f 1f 00 1c
0x00007fff24167c11:   78 1e 00 fb 7b 1e 00 1c 78 1e 00 1c 78 1e 00 a6
0x00007fff24167c21:   77 1e 00 1c 78 1e 00 e9 77 1e 00 e9 77 1e 00 5c
0x00007fff24167c31:   78 1e 00 1c 78 1e 00 39 78 1e 00 5c 78 1e 00 63
0x00007fff24167c41:   78 1e 00 6a 78 1e 00 39 78 1e 00 1c 78 1e 00 48
0x00007fff24167c51:   8b 41 58 48 63 48 10 48 8d 05 85 24 a6 00 48 c1
0x00007fff24167c61:   e1 05 8b 04 01 c3 cc cc cc cc cc cc cc cc cc 40
0x00007fff24167c71:   53 48 83 ec 20 48 8b d9 85 d2 75 08 32 c0 48 83
0x00007fff24167c81:   c4 20 5b c3 48 8b 43 08 8b ca 48 c1 e9 08 48 89
0x00007fff24167c91:   7c 24 30 8b fa 4c 8b 04 c8 48 8d 05 9f e6 ab 00
0x00007fff24167ca1:   4c 3b c0 75 0b 48 8b cb e8 52 db 1d 00 4c 8b c0
0x00007fff24167cb1:   40 0f b6 cf ba 01 00 00 00 48 c1 ef 06 80 e1 3f
0x00007fff24167cc1:   83 e7 03 48 d3 e2 49 8b 0c f8 48 8b c1 48 0b c2
0x00007fff24167cd1:   49 89 04 f8 48 8b 7c 24 30 48 23 ca 75 02 ff 03
0x00007fff24167ce1:   48 85 c9 0f 94 c0 48 83 c4 20 5b c3 cc cc cc 44
0x00007fff24167cf1:   8b d2 41 3b d0 7c 47 41 8d 80 c0 02 00 00 3b d0
0x00007fff24167d01:   7d 3c 44 8b ca 45 2b c8 41 8b c1 83 e0 3f 0f b6
0x00007fff24167d11:   d0 41 8b c1 48 c1 e8 06 48 8b 44 c1 38 48 0f a3
0x00007fff24167d21:   d0 73 1b 0f b7 81 9c 00 00 00 83 f8 01 74 0c 8d
0x00007fff24167d31:   48 ff 8b c1 41 23 c2 3b c1 75 03 b0 01 c3 32 c0
0x00007fff24167d41:   c3 cc cc cc cc cc cc cc cc cc cc cc cc cc cc 40
0x00007fff24167d51:   57 41 57 48 83 ec 38 4c 8b 41 48 33 ff 48 89 5c
0x00007fff24167d61:   24 58 4c 8b f9 48 89 74 24 68 4c 89 64 24 30 44
0x00007fff24167d71:   8b e7 4c 89 6c 24 28 44 8b ef 41 39 78 40 0f 86
0x00007fff24167d81:   ba 00 00 00 48 89 6c 24 60 4c 89 74 24 20 90 49
0x00007fff24167d91:   8b 40 30 8b ef 41 8b d4 48 8b 34 d0 8b 46 28 89
0x00007fff24167da1:   44 24 50 85 c0 0f 84 7c 00 00 00 4c 8b f7 90 3b
0x00007fff24167db1:   6e 18 73 0a 48 8b 46 20 49 8b 1c 06 eb 03 48 8b
0x00007fff24167dc1:   df 48 8b 03 48 8b cb ff 90 80 00 00 00 4c 8b c7 


Stack slot to memory mapping:

stack at sp + 0 slots: 0x00000214687cb470 points into unknown readable memory: 0x0000000100000004 | 04 00 00 00 01 00 00 00
stack at sp + 1 slots: 0x00000054036fcfd0 is pointing into the stack for thread: 0x000002146790a840
stack at sp + 2 slots: 0x00007fff24c26340 jvm.dll
stack at sp + 3 slots: 0x00007fff24046d21 jvm.dll
stack at sp + 4 slots: 0x00000214690a7710 points into unknown readable memory: 0x0000000000000000 | 00 00 00 00 00 00 00 00
stack at sp + 5 slots: 0x00007fff243407eb jvm.dll
stack at sp + 6 slots: 0x00000214690b2b30 points into unknown readable memory: 0x0000000000000000 | 00 00 00 00 00 00 00 00
stack at sp + 7 slots: 0x00000214690b2b30 points into unknown readable memory: 0x0000000000000000 | 00 00 00 00 00 00 00 00


---------------  P R O C E S S  ---------------

Threads class SMR info:
_java_thread_list=0x0000021468ac0d00, length=50, elements={
0x000002142fea0110, 0x000002144a495410, 0x000002144a4964d0, 0x000002144a498440,
0x000002144a49aea0, 0x000002144a49b8f0, 0x000002144a49c340, 0x000002144a49d0c0,
0x000002144a49eb60, 0x000002144a46ff70, 0x000002144a759450, 0x00000214656dd730,
0x00000214657a2610, 0x00000214655586f0, 0x0000021465554320, 0x00000214655ba460,
0x0000021465640800, 0x00000214655b4300, 0x00000214655c9370, 0x00000214658ad500,
0x00000214658ac7e0, 0x00000214658ab430, 0x00000214658aa710, 0x00000214658aada0,
0x00000214658ac150, 0x00000214658ace70, 0x0000021464950650, 0x000002146494d1d0,
0x000002146494ffc0, 0x000002146494f2a0, 0x000002146494e580, 0x0000021464950ce0,
0x000002146494b100, 0x000002146494aa70, 0x0000021464951370, 0x000002146494c4b0,
0x0000021464951a00, 0x0000021464952090, 0x000002146494b790, 0x000002146494cb40,
0x000002146494d860, 0x0000021467b78090, 0x000002146790a840, 0x0000021467b7a160,
0x0000021467b79ad0, 0x0000021467b7a7f0, 0x0000021467b752a0, 0x0000021467b7b510,
0x0000021467b74580, 0x0000021467b75930
}

Java Threads: ( => current thread )
  0x000002142fea0110 JavaThread "main"                              [_thread_blocked, id=10960, stack(0x0000005400100000,0x0000005400200000) (1024K)]
  0x000002144a495410 JavaThread "Reference Handler"          daemon [_thread_blocked, id=10072, stack(0x0000005400900000,0x0000005400a00000) (1024K)]
  0x000002144a4964d0 JavaThread "Finalizer"                  daemon [_thread_blocked, id=4560, stack(0x0000005400a00000,0x0000005400b00000) (1024K)]
  0x000002144a498440 JavaThread "Signal Dispatcher"          daemon [_thread_blocked, id=1288, stack(0x0000005400b00000,0x0000005400c00000) (1024K)]
  0x000002144a49aea0 JavaThread "Attach Listener"            daemon [_thread_blocked, id=13612, stack(0x0000005400c00000,0x0000005400d00000) (1024K)]
  0x000002144a49b8f0 JavaThread "Service Thread"             daemon [_thread_blocked, id=14316, stack(0x0000005400d00000,0x0000005400e00000) (1024K)]
  0x000002144a49c340 JavaThread "Monitor Deflation Thread"   daemon [_thread_blocked, id=536, stack(0x0000005400e00000,0x0000005400f00000) (1024K)]
  0x000002144a49d0c0 JavaThread "C2 CompilerThread0"         daemon [_thread_blocked, id=13040, stack(0x0000005400f00000,0x0000005401000000) (1024K)]
  0x000002144a49eb60 JavaThread "C1 CompilerThread0"         daemon [_thread_blocked, id=14396, stack(0x0000005401000000,0x0000005401100000) (1024K)]
  0x000002144a46ff70 JavaThread "Common-Cleaner"             daemon [_thread_blocked, id=4032, stack(0x0000005401100000,0x0000005401200000) (1024K)]
  0x000002144a759450 JavaThread "Notification Thread"        daemon [_thread_blocked, id=5008, stack(0x0000005401200000,0x0000005401300000) (1024K)]
  0x00000214656dd730 JavaThread "Daemon health stats"               [_thread_blocked, id=7484, stack(0x0000005401600000,0x0000005401700000) (1024K)]
  0x00000214657a2610 JavaThread "Incoming local TCP Connector on port 50091"        [_thread_in_native, id=824, stack(0x0000005401800000,0x0000005401900000) (1024K)]
  0x00000214655586f0 JavaThread "Daemon periodic checks"            [_thread_blocked, id=14308, stack(0x0000005401900000,0x0000005401a00000) (1024K)]
  0x0000021465554320 JavaThread "Daemon"                            [_thread_blocked, id=3884, stack(0x0000005401b00000,0x0000005401c00000) (1024K)]
  0x00000214655ba460 JavaThread "Handler for socket connection from /127.0.0.1:50091 to /127.0.0.1:50092"        [_thread_in_native, id=2368, stack(0x0000005401c00000,0x0000005401d00000) (1024K)]
  0x0000021465640800 JavaThread "Cancel handler"                    [_thread_blocked, id=2056, stack(0x0000005401d00000,0x0000005401e00000) (1024K)]
  0x00000214655b4300 JavaThread "Daemon worker"                     [_thread_in_native, id=4172, stack(0x0000005401e00000,0x0000005401f00000) (1024K)]
  0x00000214655c9370 JavaThread "Asynchronous log dispatcher for DefaultDaemonConnection: socket connection from /127.0.0.1:50091 to /127.0.0.1:50092"        [_thread_blocked, id=8980, stack(0x0000005401f00000,0x0000005402000000) (1024K)]
  0x00000214658ad500 JavaThread "Stdin handler"                     [_thread_blocked, id=6096, stack(0x0000005402000000,0x0000005402100000) (1024K)]
  0x00000214658ac7e0 JavaThread "Daemon client event forwarder"        [_thread_blocked, id=4548, stack(0x0000005402100000,0x0000005402200000) (1024K)]
  0x00000214658ab430 JavaThread "Cache worker for journal cache (C:\Users\tester\.gradle\caches\journal-1)"        [_thread_blocked, id=4872, stack(0x0000005402200000,0x0000005402300000) (1024K)]
  0x00000214658aa710 JavaThread "File lock request listener"        [_thread_in_native, id=10188, stack(0x0000005402300000,0x0000005402400000) (1024K)]
  0x00000214658aada0 JavaThread "Cache worker for file hash cache (C:\Users\tester\.gradle\caches\8.10\fileHashes)"        [_thread_blocked, id=9648, stack(0x0000005401700000,0x0000005401800000) (1024K)]
  0x00000214658ac150 JavaThread "Cache worker for file hash cache (C:\java\homework\java_for_testers\sandbox\.gradle\8.10\fileHashes)"        [_thread_blocked, id=7556, stack(0x0000005402500000,0x0000005402600000) (1024K)]
  0x00000214658ace70 JavaThread "Cache worker for Build Output Cleanup Cache (C:\java\homework\java_for_testers\sandbox\.gradle\buildOutputCleanup)"        [_thread_blocked, id=13688, stack(0x0000005402400000,0x0000005402500000) (1024K)]
  0x0000021464950650 JavaThread "File watcher server"        daemon [_thread_in_native, id=14852, stack(0x0000005402600000,0x0000005402700000) (1024K)]
  0x000002146494d1d0 JavaThread "File watcher consumer"      daemon [_thread_blocked, id=14008, stack(0x0000005402700000,0x0000005402800000) (1024K)]
  0x000002146494ffc0 JavaThread "jar transforms"                    [_thread_blocked, id=15344, stack(0x0000005402800000,0x0000005402900000) (1024K)]
  0x000002146494f2a0 JavaThread "jar transforms Thread 2"           [_thread_blocked, id=14988, stack(0x0000005402900000,0x0000005402a00000) (1024K)]
  0x000002146494e580 JavaThread "jar transforms Thread 3"           [_thread_blocked, id=14152, stack(0x0000005402a00000,0x0000005402b00000) (1024K)]
  0x0000021464950ce0 JavaThread "jar transforms Thread 4"           [_thread_blocked, id=9736, stack(0x0000005402b00000,0x0000005402c00000) (1024K)]
  0x000002146494b100 JavaThread "Cache worker for checksums cache (C:\java\homework\java_for_testers\sandbox\.gradle\8.10\checksums)"        [_thread_blocked, id=7212, stack(0x0000005402d00000,0x0000005402e00000) (1024K)]
  0x000002146494aa70 JavaThread "Cache worker for file content cache (C:\Users\tester\.gradle\caches\8.10\fileContent)"        [_thread_blocked, id=7084, stack(0x0000005402c00000,0x0000005402d00000) (1024K)]
  0x0000021464951370 JavaThread "Cache worker for cache directory md-rule (C:\Users\tester\.gradle\caches\8.10\md-rule)"        [_thread_blocked, id=4156, stack(0x0000005402f00000,0x0000005403000000) (1024K)]
  0x000002146494c4b0 JavaThread "Cache worker for cache directory md-supplier (C:\Users\tester\.gradle\caches\8.10\md-supplier)"        [_thread_blocked, id=10700, stack(0x0000005402e00000,0x0000005402f00000) (1024K)]
  0x0000021464951a00 JavaThread "Unconstrained build operations"        [_thread_blocked, id=11068, stack(0x0000005403100000,0x0000005403200000) (1024K)]
  0x0000021464952090 JavaThread "Unconstrained build operations Thread 2"        [_thread_blocked, id=14628, stack(0x0000005403200000,0x0000005403300000) (1024K)]
  0x000002146494b790 JavaThread "Unconstrained build operations Thread 3"        [_thread_blocked, id=9036, stack(0x0000005403300000,0x0000005403400000) (1024K)]
  0x000002146494cb40 JavaThread "Unconstrained build operations Thread 4"        [_thread_blocked, id=13920, stack(0x0000005403000000,0x0000005403100000) (1024K)]
  0x000002146494d860 JavaThread "Unconstrained build operations Thread 5"        [_thread_blocked, id=11240, stack(0x0000005403400000,0x0000005403500000) (1024K)]
  0x0000021467b78090 JavaThread "Unconstrained build operations Thread 6"        [_thread_blocked, id=13584, stack(0x0000005403500000,0x0000005403600000) (1024K)]
=>0x000002146790a840 JavaThread "C2 CompilerThread1"         daemon [_thread_in_native, id=10152, stack(0x0000005403600000,0x0000005403700000) (1024K)]
  0x0000021467b7a160 JavaThread "Memory manager"                    [_thread_blocked, id=13564, stack(0x0000005403700000,0x0000005403800000) (1024K)]
  0x0000021467b79ad0 JavaThread "included builds"                   [_thread_blocked, id=8796, stack(0x0000005403800000,0x0000005403900000) (1024K)]
  0x0000021467b7a7f0 JavaThread "Execution worker"                  [_thread_blocked, id=5652, stack(0x0000005403900000,0x0000005403a00000) (1024K)]
  0x0000021467b752a0 JavaThread "Execution worker Thread 2"         [_thread_blocked, id=15156, stack(0x0000005403a00000,0x0000005403b00000) (1024K)]
  0x0000021467b7b510 JavaThread "Execution worker Thread 3"         [_thread_blocked, id=9256, stack(0x0000005403b00000,0x0000005403c00000) (1024K)]
  0x0000021467b74580 JavaThread "Cache worker for execution history cache (C:\java\homework\java_for_testers\sandbox\.gradle\8.10\executionHistory)"        [_thread_blocked, id=8788, stack(0x0000005403c00000,0x0000005403d00000) (1024K)]
  0x0000021467b75930 JavaThread "idea-tooling-model-converter"        [_thread_blocked, id=13880, stack(0x0000005403d00000,0x0000005403e00000) (1024K)]
Total: 50

Other Threads:
  0x000002144a47cdd0 VMThread "VM Thread"                           [id=4496, stack(0x0000005400800000,0x0000005400900000) (1024K)]
  0x000002144a46ef00 WatcherThread "VM Periodic Task Thread"        [id=5676, stack(0x0000005400700000,0x0000005400800000) (1024K)]
  0x000002142fec7ef0 WorkerThread "GC Thread#0"                     [id=13200, stack(0x0000005400200000,0x0000005400300000) (1024K)]
  0x000002144a77adc0 WorkerThread "GC Thread#1"                     [id=14872, stack(0x0000005401300000,0x0000005401400000) (1024K)]
  0x000002144a77b160 WorkerThread "GC Thread#2"                     [id=14784, stack(0x0000005401400000,0x0000005401500000) (1024K)]
  0x000002144a789b20 WorkerThread "GC Thread#3"                     [id=5520, stack(0x0000005401500000,0x0000005401600000) (1024K)]
  0x000002142fecced0 ConcurrentGCThread "G1 Main Marker"            [id=10852, stack(0x0000005400300000,0x0000005400400000) (1024K)]
  0x000002142fecd9d0 WorkerThread "G1 Conc#0"                       [id=4152, stack(0x0000005400400000,0x0000005400500000) (1024K)]
  0x000002144a3421b0 ConcurrentGCThread "G1 Refine#0"               [id=13128, stack(0x0000005400500000,0x0000005400600000) (1024K)]
  0x000002144a342ce0 ConcurrentGCThread "G1 Service"                [id=13636, stack(0x0000005400600000,0x0000005400700000) (1024K)]
Total: 10

Threads with active compile tasks:
C2 CompilerThread1  10507 6537       4       org.gradle.internal.reflect.ClassInspector::inspectClass (179 bytes)
Total: 1

VM state: not at safepoint (normal execution)

VM Mutex/Monitor currently owned by a thread: None

Heap address: 0x00000000e0000000, size: 512 MB, Compressed Oops mode: 32-bit

CDS archive(s) mapped at: [0x000002144b000000-0x000002144bc80000-0x000002144bc80000), size 13107200, SharedBaseAddress: 0x000002144b000000, ArchiveRelocationMode: 1.
Compressed class space mapped at: 0x000002144c000000-0x0000021460000000, reserved size: 335544320
Narrow klass base: 0x000002144b000000, Narrow klass shift: 0, Narrow klass range: 0x100000000

GC Precious Log:
 CardTable entry size: 512
 Card Set container configuration: InlinePtr #cards 5 size 8 Array Of Cards #cards 12 size 40 Howl #buckets 4 coarsen threshold 1843 Howl Bitmap #cards 512 size 80 coarsen threshold 460 Card regions per heap region 1 cards per card region 2048
 CPUs: 4 total, 4 available
 Memory: 16383M
 Large Page Support: Disabled
 NUMA Support: Disabled
 Compressed Oops: Enabled (32-bit)
 Heap Region Size: 1M
 Heap Min Capacity: 256M
 Heap Initial Capacity: 256M
 Heap Max Capacity: 512M
 Pre-touch: Disabled
 Parallel Workers: 4
 Concurrent Workers: 1
 Concurrent Refinement Workers: 4
 Periodic GC: Disabled

Heap:
 garbage-first heap   total 262144K, used 136592K [0x00000000e0000000, 0x0000000100000000)
  region size 1024K, 54 young (55296K), 9 survivors (9216K)
 Metaspace       used 63039K, committed 65152K, reserved 393216K
  class space    used 9125K, committed 10176K, reserved 327680K

Heap Regions: E=young(eden), S=young(survivor), O=old, HS=humongous(starts), HC=humongous(continues), CS=collection set, F=free, TAMS=top-at-mark-start, PB=parsable bottom
|   0|0x00000000e0000000, 0x00000000e0100000, 0x00000000e0100000|100%|HS|  |TAMS 0x00000000e0000000| PB 0x00000000e0000000| Complete 
|   1|0x00000000e0100000, 0x00000000e0200000, 0x00000000e0200000|100%|HC|  |TAMS 0x00000000e0100000| PB 0x00000000e0100000| Complete 
|   2|0x00000000e0200000, 0x00000000e0300000, 0x00000000e0300000|100%|HC|  |TAMS 0x00000000e0200000| PB 0x00000000e0200000| Complete 
|   3|0x00000000e0300000, 0x00000000e0400000, 0x00000000e0400000|100%|HC|  |TAMS 0x00000000e0300000| PB 0x00000000e0300000| Complete 
|   4|0x00000000e0400000, 0x00000000e0500000, 0x00000000e0500000|100%| O|  |TAMS 0x00000000e0400000| PB 0x00000000e0400000| Untracked 
|   5|0x00000000e0500000, 0x00000000e0600000, 0x00000000e0600000|100%| O|  |TAMS 0x00000000e0500000| PB 0x00000000e0500000| Untracked 
|   6|0x00000000e0600000, 0x00000000e0700000, 0x00000000e0700000|100%| O|  |TAMS 0x00000000e0600000| PB 0x00000000e0600000| Untracked 
|   7|0x00000000e0700000, 0x00000000e0800000, 0x00000000e0800000|100%|HS|  |TAMS 0x00000000e0700000| PB 0x00000000e0700000| Complete 
|   8|0x00000000e0800000, 0x00000000e0900000, 0x00000000e0900000|100%|HS|  |TAMS 0x00000000e0800000| PB 0x00000000e0800000| Complete 
|   9|0x00000000e0900000, 0x00000000e0a00000, 0x00000000e0a00000|100%|HC|  |TAMS 0x00000000e0900000| PB 0x00000000e0900000| Complete 
|  10|0x00000000e0a00000, 0x00000000e0b00000, 0x00000000e0b00000|100%|HC|  |TAMS 0x00000000e0a00000| PB 0x00000000e0a00000| Complete 
|  11|0x00000000e0b00000, 0x00000000e0c00000, 0x00000000e0c00000|100%|HC|  |TAMS 0x00000000e0b00000| PB 0x00000000e0b00000| Complete 
|  12|0x00000000e0c00000, 0x00000000e0d00000, 0x00000000e0d00000|100%|HC|  |TAMS 0x00000000e0c00000| PB 0x00000000e0c00000| Complete 
|  13|0x00000000e0d00000, 0x00000000e0e00000, 0x00000000e0e00000|100%|HS|  |TAMS 0x00000000e0d00000| PB 0x00000000e0d00000| Complete 
|  14|0x00000000e0e00000, 0x00000000e0f00000, 0x00000000e0f00000|100%|HC|  |TAMS 0x00000000e0e00000| PB 0x00000000e0e00000| Complete 
|  15|0x00000000e0f00000, 0x00000000e1000000, 0x00000000e1000000|100%|HC|  |TAMS 0x00000000e0f00000| PB 0x00000000e0f00000| Complete 
|  16|0x00000000e1000000, 0x00000000e1100000, 0x00000000e1100000|100%|HS|  |TAMS 0x00000000e1000000| PB 0x00000000e1000000| Complete 
|  17|0x00000000e1100000, 0x00000000e1200000, 0x00000000e1200000|100%|HC|  |TAMS 0x00000000e1100000| PB 0x00000000e1100000| Complete 
|  18|0x00000000e1200000, 0x00000000e1300000, 0x00000000e1300000|100%|HS|  |TAMS 0x00000000e1200000| PB 0x00000000e1200000| Complete 
|  19|0x00000000e1300000, 0x00000000e1400000, 0x00000000e1400000|100%| O|  |TAMS 0x00000000e1300000| PB 0x00000000e1300000| Untracked 
|  20|0x00000000e1400000, 0x00000000e1500000, 0x00000000e1500000|100%| O|  |TAMS 0x00000000e1400000| PB 0x00000000e1400000| Untracked 
|  21|0x00000000e1500000, 0x00000000e1600000, 0x00000000e1600000|100%| O|  |TAMS 0x00000000e1500000| PB 0x00000000e1500000| Untracked 
|  22|0x00000000e1600000, 0x00000000e1700000, 0x00000000e1700000|100%| O|  |TAMS 0x00000000e1600000| PB 0x00000000e1600000| Untracked 
|  23|0x00000000e1700000, 0x00000000e1800000, 0x00000000e1800000|100%| O|  |TAMS 0x00000000e1700000| PB 0x00000000e1700000| Untracked 
|  24|0x00000000e1800000, 0x00000000e1900000, 0x00000000e1900000|100%| O|  |TAMS 0x00000000e1800000| PB 0x00000000e1800000| Untracked 
|  25|0x00000000e1900000, 0x00000000e1a00000, 0x00000000e1a00000|100%| O|  |TAMS 0x00000000e1900000| PB 0x00000000e1900000| Untracked 
|  26|0x00000000e1a00000, 0x00000000e1b00000, 0x00000000e1b00000|100%| O|  |TAMS 0x00000000e1a00000| PB 0x00000000e1a00000| Untracked 
|  27|0x00000000e1b00000, 0x00000000e1c00000, 0x00000000e1c00000|100%| O|  |TAMS 0x00000000e1b00000| PB 0x00000000e1b00000| Untracked 
|  28|0x00000000e1c00000, 0x00000000e1d00000, 0x00000000e1d00000|100%| O|  |TAMS 0x00000000e1c00000| PB 0x00000000e1c00000| Untracked 
|  29|0x00000000e1d00000, 0x00000000e1e00000, 0x00000000e1e00000|100%| O|  |TAMS 0x00000000e1d00000| PB 0x00000000e1d00000| Untracked 
|  30|0x00000000e1e00000, 0x00000000e1f00000, 0x00000000e1f00000|100%| O|  |TAMS 0x00000000e1e00000| PB 0x00000000e1e00000| Untracked 
|  31|0x00000000e1f00000, 0x00000000e2000000, 0x00000000e2000000|100%| O|  |TAMS 0x00000000e1f00000| PB 0x00000000e1f00000| Untracked 
|  32|0x00000000e2000000, 0x00000000e2100000, 0x00000000e2100000|100%| O|  |TAMS 0x00000000e2000000| PB 0x00000000e2000000| Untracked 
|  33|0x00000000e2100000, 0x00000000e2200000, 0x00000000e2200000|100%| O|  |TAMS 0x00000000e2100000| PB 0x00000000e2100000| Untracked 
|  34|0x00000000e2200000, 0x00000000e2300000, 0x00000000e2300000|100%| O|Cm|TAMS 0x00000000e2200000| PB 0x00000000e2200000| Complete 
|  35|0x00000000e2300000, 0x00000000e2300000, 0x00000000e2400000|  0%| F|  |TAMS 0x00000000e2300000| PB 0x00000000e2300000| Untracked 
|  36|0x00000000e2400000, 0x00000000e2500000, 0x00000000e2500000|100%| O|  |TAMS 0x00000000e2400000| PB 0x00000000e2400000| Untracked 
|  37|0x00000000e2500000, 0x00000000e2600000, 0x00000000e2600000|100%| O|  |TAMS 0x00000000e2500000| PB 0x00000000e2500000| Untracked 
|  38|0x00000000e2600000, 0x00000000e2700000, 0x00000000e2700000|100%| O|  |TAMS 0x00000000e2600000| PB 0x00000000e2600000| Untracked 
|  39|0x00000000e2700000, 0x00000000e2800000, 0x00000000e2800000|100%| O|  |TAMS 0x00000000e2700000| PB 0x00000000e2700000| Untracked 
|  40|0x00000000e2800000, 0x00000000e2900000, 0x00000000e2900000|100%| O|  |TAMS 0x00000000e2800000| PB 0x00000000e2800000| Untracked 
|  41|0x00000000e2900000, 0x00000000e2a00000, 0x00000000e2a00000|100%| O|  |TAMS 0x00000000e2900000| PB 0x00000000e2900000| Untracked 
|  42|0x00000000e2a00000, 0x00000000e2b00000, 0x00000000e2b00000|100%|HS|  |TAMS 0x00000000e2a00000| PB 0x00000000e2a00000| Complete 
|  43|0x00000000e2b00000, 0x00000000e2c00000, 0x00000000e2c00000|100%|HC|  |TAMS 0x00000000e2b00000| PB 0x00000000e2b00000| Complete 
|  44|0x00000000e2c00000, 0x00000000e2d00000, 0x00000000e2d00000|100%|HS|  |TAMS 0x00000000e2c00000| PB 0x00000000e2c00000| Complete 
|  45|0x00000000e2d00000, 0x00000000e2e00000, 0x00000000e2e00000|100%|HC|  |TAMS 0x00000000e2d00000| PB 0x00000000e2d00000| Complete 
|  46|0x00000000e2e00000, 0x00000000e2f00000, 0x00000000e2f00000|100%|HC|  |TAMS 0x00000000e2e00000| PB 0x00000000e2e00000| Complete 
|  47|0x00000000e2f00000, 0x00000000e3000000, 0x00000000e3000000|100%|HS|  |TAMS 0x00000000e2f00000| PB 0x00000000e2f00000| Complete 
|  48|0x00000000e3000000, 0x00000000e3100000, 0x00000000e3100000|100%|HC|  |TAMS 0x00000000e3000000| PB 0x00000000e3000000| Complete 
|  49|0x00000000e3100000, 0x00000000e3200000, 0x00000000e3200000|100%|HC|  |TAMS 0x00000000e3100000| PB 0x00000000e3100000| Complete 
|  50|0x00000000e3200000, 0x00000000e3300000, 0x00000000e3300000|100%|HC|  |TAMS 0x00000000e3200000| PB 0x00000000e3200000| Complete 
|  51|0x00000000e3300000, 0x00000000e3400000, 0x00000000e3400000|100%|HC|  |TAMS 0x00000000e3300000| PB 0x00000000e3300000| Complete 
|  52|0x00000000e3400000, 0x00000000e3500000, 0x00000000e3500000|100%|HS|  |TAMS 0x00000000e3400000| PB 0x00000000e3400000| Complete 
|  53|0x00000000e3500000, 0x00000000e3600000, 0x00000000e3600000|100%|HC|  |TAMS 0x00000000e3500000| PB 0x00000000e3500000| Complete 
|  54|0x00000000e3600000, 0x00000000e3700000, 0x00000000e3700000|100%|HS|  |TAMS 0x00000000e3600000| PB 0x00000000e3600000| Complete 
|  55|0x00000000e3700000, 0x00000000e3800000, 0x00000000e3800000|100%|HC|  |TAMS 0x00000000e3700000| PB 0x00000000e3700000| Complete 
|  56|0x00000000e3800000, 0x00000000e3900000, 0x00000000e3900000|100%|HC|  |TAMS 0x00000000e3800000| PB 0x00000000e3800000| Complete 
|  57|0x00000000e3900000, 0x00000000e3a00000, 0x00000000e3a00000|100%|HC|  |TAMS 0x00000000e3900000| PB 0x00000000e3900000| Complete 
|  58|0x00000000e3a00000, 0x00000000e3b00000, 0x00000000e3b00000|100%|HC|  |TAMS 0x00000000e3a00000| PB 0x00000000e3a00000| Complete 
|  59|0x00000000e3b00000, 0x00000000e3c00000, 0x00000000e3c00000|100%|HS|  |TAMS 0x00000000e3b00000| PB 0x00000000e3b00000| Complete 
|  60|0x00000000e3c00000, 0x00000000e3d00000, 0x00000000e3d00000|100%|HC|  |TAMS 0x00000000e3c00000| PB 0x00000000e3c00000| Complete 
|  61|0x00000000e3d00000, 0x00000000e3e00000, 0x00000000e3e00000|100%|HC|  |TAMS 0x00000000e3d00000| PB 0x00000000e3d00000| Complete 
|  62|0x00000000e3e00000, 0x00000000e3f00000, 0x00000000e3f00000|100%|HC|  |TAMS 0x00000000e3e00000| PB 0x00000000e3e00000| Complete 
|  63|0x00000000e3f00000, 0x00000000e4000000, 0x00000000e4000000|100%|HC|  |TAMS 0x00000000e3f00000| PB 0x00000000e3f00000| Complete 
|  64|0x00000000e4000000, 0x00000000e4100000, 0x00000000e4100000|100%|HS|  |TAMS 0x00000000e4000000| PB 0x00000000e4000000| Complete 
|  65|0x00000000e4100000, 0x00000000e4200000, 0x00000000e4200000|100%|HC|  |TAMS 0x00000000e4100000| PB 0x00000000e4100000| Complete 
|  66|0x00000000e4200000, 0x00000000e4300000, 0x00000000e4300000|100%|HS|  |TAMS 0x00000000e4200000| PB 0x00000000e4200000| Complete 
|  67|0x00000000e4300000, 0x00000000e4400000, 0x00000000e4400000|100%| O|  |TAMS 0x00000000e4300000| PB 0x00000000e4300000| Untracked 
|  68|0x00000000e4400000, 0x00000000e4500000, 0x00000000e4500000|100%| O|  |TAMS 0x00000000e4400000| PB 0x00000000e4400000| Untracked 
|  69|0x00000000e4500000, 0x00000000e4600000, 0x00000000e4600000|100%| O|  |TAMS 0x00000000e4500000| PB 0x00000000e4500000| Untracked 
|  70|0x00000000e4600000, 0x00000000e4700000, 0x00000000e4700000|100%| O|  |TAMS 0x00000000e4600000| PB 0x00000000e4600000| Untracked 
|  71|0x00000000e4700000, 0x00000000e4800000, 0x00000000e4800000|100%| O|  |TAMS 0x00000000e4700000| PB 0x00000000e4700000| Untracked 
|  72|0x00000000e4800000, 0x00000000e4900000, 0x00000000e4900000|100%| O|  |TAMS 0x00000000e4800000| PB 0x00000000e4800000| Untracked 
|  73|0x00000000e4900000, 0x00000000e4a00000, 0x00000000e4a00000|100%| O|  |TAMS 0x00000000e4900000| PB 0x00000000e4900000| Untracked 
|  74|0x00000000e4a00000, 0x00000000e4b00000, 0x00000000e4b00000|100%| O|  |TAMS 0x00000000e4a00000| PB 0x00000000e4a00000| Untracked 
|  75|0x00000000e4b00000, 0x00000000e4c00000, 0x00000000e4c00000|100%| O|  |TAMS 0x00000000e4b00000| PB 0x00000000e4b00000| Untracked 
|  76|0x00000000e4c00000, 0x00000000e4d00000, 0x00000000e4d00000|100%| O|  |TAMS 0x00000000e4c00000| PB 0x00000000e4c00000| Untracked 
|  77|0x00000000e4d00000, 0x00000000e4e00000, 0x00000000e4e00000|100%| O|  |TAMS 0x00000000e4d00000| PB 0x00000000e4d00000| Untracked 
|  78|0x00000000e4e00000, 0x00000000e4f00000, 0x00000000e4f00000|100%| O|  |TAMS 0x00000000e4e00000| PB 0x00000000e4e00000| Untracked 
|  79|0x00000000e4f00000, 0x00000000e5000000, 0x00000000e5000000|100%| O|  |TAMS 0x00000000e4f00000| PB 0x00000000e4f00000| Untracked 
|  80|0x00000000e5000000, 0x00000000e5100000, 0x00000000e5100000|100%| O|  |TAMS 0x00000000e5000000| PB 0x00000000e5000000| Untracked 
|  81|0x00000000e5100000, 0x00000000e51aaa78, 0x00000000e5200000| 66%| O|  |TAMS 0x00000000e5100000| PB 0x00000000e5100000| Untracked 
|  82|0x00000000e5200000, 0x00000000e5200000, 0x00000000e5300000|  0%| F|  |TAMS 0x00000000e5200000| PB 0x00000000e5200000| Untracked 
|  83|0x00000000e5300000, 0x00000000e5300000, 0x00000000e5400000|  0%| F|  |TAMS 0x00000000e5300000| PB 0x00000000e5300000| Untracked 
|  84|0x00000000e5400000, 0x00000000e5400000, 0x00000000e5500000|  0%| F|  |TAMS 0x00000000e5400000| PB 0x00000000e5400000| Untracked 
|  85|0x00000000e5500000, 0x00000000e5500000, 0x00000000e5600000|  0%| F|  |TAMS 0x00000000e5500000| PB 0x00000000e5500000| Untracked 
|  86|0x00000000e5600000, 0x00000000e5600000, 0x00000000e5700000|  0%| F|  |TAMS 0x00000000e5600000| PB 0x00000000e5600000| Untracked 
|  87|0x00000000e5700000, 0x00000000e5700000, 0x00000000e5800000|  0%| F|  |TAMS 0x00000000e5700000| PB 0x00000000e5700000| Untracked 
|  88|0x00000000e5800000, 0x00000000e5800000, 0x00000000e5900000|  0%| F|  |TAMS 0x00000000e5800000| PB 0x00000000e5800000| Untracked 
|  89|0x00000000e5900000, 0x00000000e5900000, 0x00000000e5a00000|  0%| F|  |TAMS 0x00000000e5900000| PB 0x00000000e5900000| Untracked 
|  90|0x00000000e5a00000, 0x00000000e5a00000, 0x00000000e5b00000|  0%| F|  |TAMS 0x00000000e5a00000| PB 0x00000000e5a00000| Untracked 
|  91|0x00000000e5b00000, 0x00000000e5b00000, 0x00000000e5c00000|  0%| F|  |TAMS 0x00000000e5b00000| PB 0x00000000e5b00000| Untracked 
|  92|0x00000000e5c00000, 0x00000000e5c00000, 0x00000000e5d00000|  0%| F|  |TAMS 0x00000000e5c00000| PB 0x00000000e5c00000| Untracked 
|  93|0x00000000e5d00000, 0x00000000e5d00000, 0x00000000e5e00000|  0%| F|  |TAMS 0x00000000e5d00000| PB 0x00000000e5d00000| Untracked 
|  94|0x00000000e5e00000, 0x00000000e5e00000, 0x00000000e5f00000|  0%| F|  |TAMS 0x00000000e5e00000| PB 0x00000000e5e00000| Untracked 
|  95|0x00000000e5f00000, 0x00000000e5f00000, 0x00000000e6000000|  0%| F|  |TAMS 0x00000000e5f00000| PB 0x00000000e5f00000| Untracked 
|  96|0x00000000e6000000, 0x00000000e6000000, 0x00000000e6100000|  0%| F|  |TAMS 0x00000000e6000000| PB 0x00000000e6000000| Untracked 
|  97|0x00000000e6100000, 0x00000000e6100000, 0x00000000e6200000|  0%| F|  |TAMS 0x00000000e6100000| PB 0x00000000e6100000| Untracked 
|  98|0x00000000e6200000, 0x00000000e6200000, 0x00000000e6300000|  0%| F|  |TAMS 0x00000000e6200000| PB 0x00000000e6200000| Untracked 
|  99|0x00000000e6300000, 0x00000000e6300000, 0x00000000e6400000|  0%| F|  |TAMS 0x00000000e6300000| PB 0x00000000e6300000| Untracked 
| 100|0x00000000e6400000, 0x00000000e6400000, 0x00000000e6500000|  0%| F|  |TAMS 0x00000000e6400000| PB 0x00000000e6400000| Untracked 
| 101|0x00000000e6500000, 0x00000000e6500000, 0x00000000e6600000|  0%| F|  |TAMS 0x00000000e6500000| PB 0x00000000e6500000| Untracked 
| 102|0x00000000e6600000, 0x00000000e6600000, 0x00000000e6700000|  0%| F|  |TAMS 0x00000000e6600000| PB 0x00000000e6600000| Untracked 
| 103|0x00000000e6700000, 0x00000000e6700000, 0x00000000e6800000|  0%| F|  |TAMS 0x00000000e6700000| PB 0x00000000e6700000| Untracked 
| 104|0x00000000e6800000, 0x00000000e6800000, 0x00000000e6900000|  0%| F|  |TAMS 0x00000000e6800000| PB 0x00000000e6800000| Untracked 
| 105|0x00000000e6900000, 0x00000000e6900000, 0x00000000e6a00000|  0%| F|  |TAMS 0x00000000e6900000| PB 0x00000000e6900000| Untracked 
| 106|0x00000000e6a00000, 0x00000000e6a00000, 0x00000000e6b00000|  0%| F|  |TAMS 0x00000000e6a00000| PB 0x00000000e6a00000| Untracked 
| 107|0x00000000e6b00000, 0x00000000e6b00000, 0x00000000e6c00000|  0%| F|  |TAMS 0x00000000e6b00000| PB 0x00000000e6b00000| Untracked 
| 108|0x00000000e6c00000, 0x00000000e6c00000, 0x00000000e6d00000|  0%| F|  |TAMS 0x00000000e6c00000| PB 0x00000000e6c00000| Untracked 
| 109|0x00000000e6d00000, 0x00000000e6d00000, 0x00000000e6e00000|  0%| F|  |TAMS 0x00000000e6d00000| PB 0x00000000e6d00000| Untracked 
| 110|0x00000000e6e00000, 0x00000000e6e00000, 0x00000000e6f00000|  0%| F|  |TAMS 0x00000000e6e00000| PB 0x00000000e6e00000| Untracked 
| 111|0x00000000e6f00000, 0x00000000e6f00000, 0x00000000e7000000|  0%| F|  |TAMS 0x00000000e6f00000| PB 0x00000000e6f00000| Untracked 
| 112|0x00000000e7000000, 0x00000000e7000000, 0x00000000e7100000|  0%| F|  |TAMS 0x00000000e7000000| PB 0x00000000e7000000| Untracked 
| 113|0x00000000e7100000, 0x00000000e7100000, 0x00000000e7200000|  0%| F|  |TAMS 0x00000000e7100000| PB 0x00000000e7100000| Untracked 
| 114|0x00000000e7200000, 0x00000000e7200000, 0x00000000e7300000|  0%| F|  |TAMS 0x00000000e7200000| PB 0x00000000e7200000| Untracked 
| 115|0x00000000e7300000, 0x00000000e7300000, 0x00000000e7400000|  0%| F|  |TAMS 0x00000000e7300000| PB 0x00000000e7300000| Untracked 
| 116|0x00000000e7400000, 0x00000000e7400000, 0x00000000e7500000|  0%| F|  |TAMS 0x00000000e7400000| PB 0x00000000e7400000| Untracked 
| 117|0x00000000e7500000, 0x00000000e7500000, 0x00000000e7600000|  0%| F|  |TAMS 0x00000000e7500000| PB 0x00000000e7500000| Untracked 
| 118|0x00000000e7600000, 0x00000000e7600000, 0x00000000e7700000|  0%| F|  |TAMS 0x00000000e7600000| PB 0x00000000e7600000| Untracked 
| 119|0x00000000e7700000, 0x00000000e7700000, 0x00000000e7800000|  0%| F|  |TAMS 0x00000000e7700000| PB 0x00000000e7700000| Untracked 
| 120|0x00000000e7800000, 0x00000000e7800000, 0x00000000e7900000|  0%| F|  |TAMS 0x00000000e7800000| PB 0x00000000e7800000| Untracked 
| 121|0x00000000e7900000, 0x00000000e7900000, 0x00000000e7a00000|  0%| F|  |TAMS 0x00000000e7900000| PB 0x00000000e7900000| Untracked 
| 122|0x00000000e7a00000, 0x00000000e7a00000, 0x00000000e7b00000|  0%| F|  |TAMS 0x00000000e7a00000| PB 0x00000000e7a00000| Untracked 
| 123|0x00000000e7b00000, 0x00000000e7b00000, 0x00000000e7c00000|  0%| F|  |TAMS 0x00000000e7b00000| PB 0x00000000e7b00000| Untracked 
| 124|0x00000000e7c00000, 0x00000000e7c00000, 0x00000000e7d00000|  0%| F|  |TAMS 0x00000000e7c00000| PB 0x00000000e7c00000| Untracked 
| 125|0x00000000e7d00000, 0x00000000e7d00000, 0x00000000e7e00000|  0%| F|  |TAMS 0x00000000e7d00000| PB 0x00000000e7d00000| Untracked 
| 126|0x00000000e7e00000, 0x00000000e7e00000, 0x00000000e7f00000|  0%| F|  |TAMS 0x00000000e7e00000| PB 0x00000000e7e00000| Untracked 
| 127|0x00000000e7f00000, 0x00000000e7f00000, 0x00000000e8000000|  0%| F|  |TAMS 0x00000000e7f00000| PB 0x00000000e7f00000| Untracked 
| 128|0x00000000e8000000, 0x00000000e8000000, 0x00000000e8100000|  0%| F|  |TAMS 0x00000000e8000000| PB 0x00000000e8000000| Untracked 
| 129|0x00000000e8100000, 0x00000000e8100000, 0x00000000e8200000|  0%| F|  |TAMS 0x00000000e8100000| PB 0x00000000e8100000| Untracked 
| 130|0x00000000e8200000, 0x00000000e8200000, 0x00000000e8300000|  0%| F|  |TAMS 0x00000000e8200000| PB 0x00000000e8200000| Untracked 
| 131|0x00000000e8300000, 0x00000000e8300000, 0x00000000e8400000|  0%| F|  |TAMS 0x00000000e8300000| PB 0x00000000e8300000| Untracked 
| 132|0x00000000e8400000, 0x00000000e8400000, 0x00000000e8500000|  0%| F|  |TAMS 0x00000000e8400000| PB 0x00000000e8400000| Untracked 
| 133|0x00000000e8500000, 0x00000000e8500000, 0x00000000e8600000|  0%| F|  |TAMS 0x00000000e8500000| PB 0x00000000e8500000| Untracked 
| 134|0x00000000e8600000, 0x00000000e8600000, 0x00000000e8700000|  0%| F|  |TAMS 0x00000000e8600000| PB 0x00000000e8600000| Untracked 
| 135|0x00000000e8700000, 0x00000000e8700000, 0x00000000e8800000|  0%| F|  |TAMS 0x00000000e8700000| PB 0x00000000e8700000| Untracked 
| 136|0x00000000e8800000, 0x00000000e8800000, 0x00000000e8900000|  0%| F|  |TAMS 0x00000000e8800000| PB 0x00000000e8800000| Untracked 
| 137|0x00000000e8900000, 0x00000000e8900000, 0x00000000e8a00000|  0%| F|  |TAMS 0x00000000e8900000| PB 0x00000000e8900000| Untracked 
| 138|0x00000000e8a00000, 0x00000000e8a00000, 0x00000000e8b00000|  0%| F|  |TAMS 0x00000000e8a00000| PB 0x00000000e8a00000| Untracked 
| 139|0x00000000e8b00000, 0x00000000e8b00000, 0x00000000e8c00000|  0%| F|  |TAMS 0x00000000e8b00000| PB 0x00000000e8b00000| Untracked 
| 140|0x00000000e8c00000, 0x00000000e8c00000, 0x00000000e8d00000|  0%| F|  |TAMS 0x00000000e8c00000| PB 0x00000000e8c00000| Untracked 
| 141|0x00000000e8d00000, 0x00000000e8d00000, 0x00000000e8e00000|  0%| F|  |TAMS 0x00000000e8d00000| PB 0x00000000e8d00000| Untracked 
| 142|0x00000000e8e00000, 0x00000000e8e00000, 0x00000000e8f00000|  0%| F|  |TAMS 0x00000000e8e00000| PB 0x00000000e8e00000| Untracked 
| 143|0x00000000e8f00000, 0x00000000e8f00000, 0x00000000e9000000|  0%| F|  |TAMS 0x00000000e8f00000| PB 0x00000000e8f00000| Untracked 
| 144|0x00000000e9000000, 0x00000000e9000000, 0x00000000e9100000|  0%| F|  |TAMS 0x00000000e9000000| PB 0x00000000e9000000| Untracked 
| 145|0x00000000e9100000, 0x00000000e9100000, 0x00000000e9200000|  0%| F|  |TAMS 0x00000000e9100000| PB 0x00000000e9100000| Untracked 
| 146|0x00000000e9200000, 0x00000000e9200000, 0x00000000e9300000|  0%| F|  |TAMS 0x00000000e9200000| PB 0x00000000e9200000| Untracked 
| 147|0x00000000e9300000, 0x00000000e9300000, 0x00000000e9400000|  0%| F|  |TAMS 0x00000000e9300000| PB 0x00000000e9300000| Untracked 
| 148|0x00000000e9400000, 0x00000000e9400000, 0x00000000e9500000|  0%| F|  |TAMS 0x00000000e9400000| PB 0x00000000e9400000| Untracked 
| 149|0x00000000e9500000, 0x00000000e9500000, 0x00000000e9600000|  0%| F|  |TAMS 0x00000000e9500000| PB 0x00000000e9500000| Untracked 
| 150|0x00000000e9600000, 0x00000000e9600000, 0x00000000e9700000|  0%| F|  |TAMS 0x00000000e9600000| PB 0x00000000e9600000| Untracked 
| 151|0x00000000e9700000, 0x00000000e9700000, 0x00000000e9800000|  0%| F|  |TAMS 0x00000000e9700000| PB 0x00000000e9700000| Untracked 
| 152|0x00000000e9800000, 0x00000000e9800000, 0x00000000e9900000|  0%| F|  |TAMS 0x00000000e9800000| PB 0x00000000e9800000| Untracked 
| 153|0x00000000e9900000, 0x00000000e9900000, 0x00000000e9a00000|  0%| F|  |TAMS 0x00000000e9900000| PB 0x00000000e9900000| Untracked 
| 154|0x00000000e9a00000, 0x00000000e9a00000, 0x00000000e9b00000|  0%| F|  |TAMS 0x00000000e9a00000| PB 0x00000000e9a00000| Untracked 
| 155|0x00000000e9b00000, 0x00000000e9b00000, 0x00000000e9c00000|  0%| F|  |TAMS 0x00000000e9b00000| PB 0x00000000e9b00000| Untracked 
| 156|0x00000000e9c00000, 0x00000000e9c00000, 0x00000000e9d00000|  0%| F|  |TAMS 0x00000000e9c00000| PB 0x00000000e9c00000| Untracked 
| 157|0x00000000e9d00000, 0x00000000e9d00000, 0x00000000e9e00000|  0%| F|  |TAMS 0x00000000e9d00000| PB 0x00000000e9d00000| Untracked 
| 158|0x00000000e9e00000, 0x00000000e9e00000, 0x00000000e9f00000|  0%| F|  |TAMS 0x00000000e9e00000| PB 0x00000000e9e00000| Untracked 
| 159|0x00000000e9f00000, 0x00000000e9f00000, 0x00000000ea000000|  0%| F|  |TAMS 0x00000000e9f00000| PB 0x00000000e9f00000| Untracked 
| 160|0x00000000ea000000, 0x00000000ea000000, 0x00000000ea100000|  0%| F|  |TAMS 0x00000000ea000000| PB 0x00000000ea000000| Untracked 
| 161|0x00000000ea100000, 0x00000000ea100000, 0x00000000ea200000|  0%| F|  |TAMS 0x00000000ea100000| PB 0x00000000ea100000| Untracked 
| 162|0x00000000ea200000, 0x00000000ea200000, 0x00000000ea300000|  0%| F|  |TAMS 0x00000000ea200000| PB 0x00000000ea200000| Untracked 
| 163|0x00000000ea300000, 0x00000000ea300000, 0x00000000ea400000|  0%| F|  |TAMS 0x00000000ea300000| PB 0x00000000ea300000| Untracked 
| 164|0x00000000ea400000, 0x00000000ea400000, 0x00000000ea500000|  0%| F|  |TAMS 0x00000000ea400000| PB 0x00000000ea400000| Untracked 
| 165|0x00000000ea500000, 0x00000000ea500000, 0x00000000ea600000|  0%| F|  |TAMS 0x00000000ea500000| PB 0x00000000ea500000| Untracked 
| 166|0x00000000ea600000, 0x00000000ea600000, 0x00000000ea700000|  0%| F|  |TAMS 0x00000000ea600000| PB 0x00000000ea600000| Untracked 
| 167|0x00000000ea700000, 0x00000000ea700000, 0x00000000ea800000|  0%| F|  |TAMS 0x00000000ea700000| PB 0x00000000ea700000| Untracked 
| 168|0x00000000ea800000, 0x00000000ea800000, 0x00000000ea900000|  0%| F|  |TAMS 0x00000000ea800000| PB 0x00000000ea800000| Untracked 
| 169|0x00000000ea900000, 0x00000000ea900000, 0x00000000eaa00000|  0%| F|  |TAMS 0x00000000ea900000| PB 0x00000000ea900000| Untracked 
| 170|0x00000000eaa00000, 0x00000000eaa00000, 0x00000000eab00000|  0%| F|  |TAMS 0x00000000eaa00000| PB 0x00000000eaa00000| Untracked 
| 171|0x00000000eab00000, 0x00000000eab00000, 0x00000000eac00000|  0%| F|  |TAMS 0x00000000eab00000| PB 0x00000000eab00000| Untracked 
| 172|0x00000000eac00000, 0x00000000eac00000, 0x00000000ead00000|  0%| F|  |TAMS 0x00000000eac00000| PB 0x00000000eac00000| Untracked 
| 173|0x00000000ead00000, 0x00000000ead00000, 0x00000000eae00000|  0%| F|  |TAMS 0x00000000ead00000| PB 0x00000000ead00000| Untracked 
| 174|0x00000000eae00000, 0x00000000eae00000, 0x00000000eaf00000|  0%| F|  |TAMS 0x00000000eae00000| PB 0x00000000eae00000| Untracked 
| 175|0x00000000eaf00000, 0x00000000eaf00000, 0x00000000eb000000|  0%| F|  |TAMS 0x00000000eaf00000| PB 0x00000000eaf00000| Untracked 
| 176|0x00000000eb000000, 0x00000000eb000000, 0x00000000eb100000|  0%| F|  |TAMS 0x00000000eb000000| PB 0x00000000eb000000| Untracked 
| 177|0x00000000eb100000, 0x00000000eb100000, 0x00000000eb200000|  0%| F|  |TAMS 0x00000000eb100000| PB 0x00000000eb100000| Untracked 
| 178|0x00000000eb200000, 0x00000000eb200000, 0x00000000eb300000|  0%| F|  |TAMS 0x00000000eb200000| PB 0x00000000eb200000| Untracked 
| 179|0x00000000eb300000, 0x00000000eb300000, 0x00000000eb400000|  0%| F|  |TAMS 0x00000000eb300000| PB 0x00000000eb300000| Untracked 
| 180|0x00000000eb400000, 0x00000000eb400000, 0x00000000eb500000|  0%| F|  |TAMS 0x00000000eb400000| PB 0x00000000eb400000| Untracked 
| 181|0x00000000eb500000, 0x00000000eb500000, 0x00000000eb600000|  0%| F|  |TAMS 0x00000000eb500000| PB 0x00000000eb500000| Untracked 
| 182|0x00000000eb600000, 0x00000000eb600000, 0x00000000eb700000|  0%| F|  |TAMS 0x00000000eb600000| PB 0x00000000eb600000| Untracked 
| 183|0x00000000eb700000, 0x00000000eb700000, 0x00000000eb800000|  0%| F|  |TAMS 0x00000000eb700000| PB 0x00000000eb700000| Untracked 
| 184|0x00000000eb800000, 0x00000000eb800000, 0x00000000eb900000|  0%| F|  |TAMS 0x00000000eb800000| PB 0x00000000eb800000| Untracked 
| 185|0x00000000eb900000, 0x00000000eb900000, 0x00000000eba00000|  0%| F|  |TAMS 0x00000000eb900000| PB 0x00000000eb900000| Untracked 
| 186|0x00000000eba00000, 0x00000000eba00000, 0x00000000ebb00000|  0%| F|  |TAMS 0x00000000eba00000| PB 0x00000000eba00000| Untracked 
| 187|0x00000000ebb00000, 0x00000000ebb00000, 0x00000000ebc00000|  0%| F|  |TAMS 0x00000000ebb00000| PB 0x00000000ebb00000| Untracked 
| 188|0x00000000ebc00000, 0x00000000ebc00000, 0x00000000ebd00000|  0%| F|  |TAMS 0x00000000ebc00000| PB 0x00000000ebc00000| Untracked 
| 189|0x00000000ebd00000, 0x00000000ebd00000, 0x00000000ebe00000|  0%| F|  |TAMS 0x00000000ebd00000| PB 0x00000000ebd00000| Untracked 
| 190|0x00000000ebe00000, 0x00000000ebe00000, 0x00000000ebf00000|  0%| F|  |TAMS 0x00000000ebe00000| PB 0x00000000ebe00000| Untracked 
| 191|0x00000000ebf00000, 0x00000000ebf00000, 0x00000000ec000000|  0%| F|  |TAMS 0x00000000ebf00000| PB 0x00000000ebf00000| Untracked 
| 192|0x00000000ec000000, 0x00000000ec000000, 0x00000000ec100000|  0%| F|  |TAMS 0x00000000ec000000| PB 0x00000000ec000000| Untracked 
| 193|0x00000000ec100000, 0x00000000ec100000, 0x00000000ec200000|  0%| F|  |TAMS 0x00000000ec100000| PB 0x00000000ec100000| Untracked 
| 194|0x00000000ec200000, 0x00000000ec200000, 0x00000000ec300000|  0%| F|  |TAMS 0x00000000ec200000| PB 0x00000000ec200000| Untracked 
| 195|0x00000000ec300000, 0x00000000ec300000, 0x00000000ec400000|  0%| F|  |TAMS 0x00000000ec300000| PB 0x00000000ec300000| Untracked 
| 196|0x00000000ec400000, 0x00000000ec400000, 0x00000000ec500000|  0%| F|  |TAMS 0x00000000ec400000| PB 0x00000000ec400000| Untracked 
| 197|0x00000000ec500000, 0x00000000ec500000, 0x00000000ec600000|  0%| F|  |TAMS 0x00000000ec500000| PB 0x00000000ec500000| Untracked 
| 198|0x00000000ec600000, 0x00000000ec600000, 0x00000000ec700000|  0%| F|  |TAMS 0x00000000ec600000| PB 0x00000000ec600000| Untracked 
| 199|0x00000000ec700000, 0x00000000ec700000, 0x00000000ec800000|  0%| F|  |TAMS 0x00000000ec700000| PB 0x00000000ec700000| Untracked 
| 200|0x00000000ec800000, 0x00000000ec800000, 0x00000000ec900000|  0%| F|  |TAMS 0x00000000ec800000| PB 0x00000000ec800000| Untracked 
| 201|0x00000000ec900000, 0x00000000ec900000, 0x00000000eca00000|  0%| F|  |TAMS 0x00000000ec900000| PB 0x00000000ec900000| Untracked 
| 202|0x00000000eca00000, 0x00000000ecb00000, 0x00000000ecb00000|100%| E|  |TAMS 0x00000000eca00000| PB 0x00000000eca00000| Complete 
| 203|0x00000000ecb00000, 0x00000000ecc00000, 0x00000000ecc00000|100%| E|CS|TAMS 0x00000000ecb00000| PB 0x00000000ecb00000| Complete 
| 204|0x00000000ecc00000, 0x00000000ecd00000, 0x00000000ecd00000|100%| E|CS|TAMS 0x00000000ecc00000| PB 0x00000000ecc00000| Complete 
| 205|0x00000000ecd00000, 0x00000000ece00000, 0x00000000ece00000|100%| E|CS|TAMS 0x00000000ecd00000| PB 0x00000000ecd00000| Complete 
| 206|0x00000000ece00000, 0x00000000ecf00000, 0x00000000ecf00000|100%| E|CS|TAMS 0x00000000ece00000| PB 0x00000000ece00000| Complete 
| 207|0x00000000ecf00000, 0x00000000ed000000, 0x00000000ed000000|100%| E|CS|TAMS 0x00000000ecf00000| PB 0x00000000ecf00000| Complete 
| 208|0x00000000ed000000, 0x00000000ed100000, 0x00000000ed100000|100%| E|CS|TAMS 0x00000000ed000000| PB 0x00000000ed000000| Complete 
| 209|0x00000000ed100000, 0x00000000ed200000, 0x00000000ed200000|100%| E|CS|TAMS 0x00000000ed100000| PB 0x00000000ed100000| Complete 
| 210|0x00000000ed200000, 0x00000000ed300000, 0x00000000ed300000|100%| E|CS|TAMS 0x00000000ed200000| PB 0x00000000ed200000| Complete 
| 211|0x00000000ed300000, 0x00000000ed400000, 0x00000000ed400000|100%| E|CS|TAMS 0x00000000ed300000| PB 0x00000000ed300000| Complete 
| 212|0x00000000ed400000, 0x00000000ed500000, 0x00000000ed500000|100%| E|CS|TAMS 0x00000000ed400000| PB 0x00000000ed400000| Complete 
| 213|0x00000000ed500000, 0x00000000ed600000, 0x00000000ed600000|100%| E|CS|TAMS 0x00000000ed500000| PB 0x00000000ed500000| Complete 
| 214|0x00000000ed600000, 0x00000000ed700000, 0x00000000ed700000|100%| E|CS|TAMS 0x00000000ed600000| PB 0x00000000ed600000| Complete 
| 215|0x00000000ed700000, 0x00000000ed800000, 0x00000000ed800000|100%| E|CS|TAMS 0x00000000ed700000| PB 0x00000000ed700000| Complete 
| 216|0x00000000ed800000, 0x00000000ed900000, 0x00000000ed900000|100%| E|CS|TAMS 0x00000000ed800000| PB 0x00000000ed800000| Complete 
| 217|0x00000000ed900000, 0x00000000eda00000, 0x00000000eda00000|100%| E|CS|TAMS 0x00000000ed900000| PB 0x00000000ed900000| Complete 
| 218|0x00000000eda00000, 0x00000000edb00000, 0x00000000edb00000|100%| E|CS|TAMS 0x00000000eda00000| PB 0x00000000eda00000| Complete 
| 219|0x00000000edb00000, 0x00000000edc00000, 0x00000000edc00000|100%| E|CS|TAMS 0x00000000edb00000| PB 0x00000000edb00000| Complete 
| 220|0x00000000edc00000, 0x00000000edd00000, 0x00000000edd00000|100%| E|CS|TAMS 0x00000000edc00000| PB 0x00000000edc00000| Complete 
| 221|0x00000000edd00000, 0x00000000ede00000, 0x00000000ede00000|100%| E|CS|TAMS 0x00000000edd00000| PB 0x00000000edd00000| Complete 
| 222|0x00000000ede00000, 0x00000000edf00000, 0x00000000edf00000|100%| E|CS|TAMS 0x00000000ede00000| PB 0x00000000ede00000| Complete 
| 223|0x00000000edf00000, 0x00000000ee000000, 0x00000000ee000000|100%| E|CS|TAMS 0x00000000edf00000| PB 0x00000000edf00000| Complete 
| 224|0x00000000ee000000, 0x00000000ee100000, 0x00000000ee100000|100%| E|CS|TAMS 0x00000000ee000000| PB 0x00000000ee000000| Complete 
| 225|0x00000000ee100000, 0x00000000ee200000, 0x00000000ee200000|100%| E|CS|TAMS 0x00000000ee100000| PB 0x00000000ee100000| Complete 
| 226|0x00000000ee200000, 0x00000000ee300000, 0x00000000ee300000|100%| E|CS|TAMS 0x00000000ee200000| PB 0x00000000ee200000| Complete 
| 227|0x00000000ee300000, 0x00000000ee400000, 0x00000000ee400000|100%| E|CS|TAMS 0x00000000ee300000| PB 0x00000000ee300000| Complete 
| 228|0x00000000ee400000, 0x00000000ee500000, 0x00000000ee500000|100%| E|CS|TAMS 0x00000000ee400000| PB 0x00000000ee400000| Complete 
| 229|0x00000000ee500000, 0x00000000ee600000, 0x00000000ee600000|100%| E|CS|TAMS 0x00000000ee500000| PB 0x00000000ee500000| Complete 
| 230|0x00000000ee600000, 0x00000000ee700000, 0x00000000ee700000|100%| E|CS|TAMS 0x00000000ee600000| PB 0x00000000ee600000| Complete 
| 231|0x00000000ee700000, 0x00000000ee800000, 0x00000000ee800000|100%| E|CS|TAMS 0x00000000ee700000| PB 0x00000000ee700000| Complete 
| 232|0x00000000ee800000, 0x00000000ee900000, 0x00000000ee900000|100%| E|CS|TAMS 0x00000000ee800000| PB 0x00000000ee800000| Complete 
| 233|0x00000000ee900000, 0x00000000eea00000, 0x00000000eea00000|100%| E|CS|TAMS 0x00000000ee900000| PB 0x00000000ee900000| Complete 
| 234|0x00000000eea00000, 0x00000000eeb00000, 0x00000000eeb00000|100%| E|CS|TAMS 0x00000000eea00000| PB 0x00000000eea00000| Complete 
| 235|0x00000000eeb00000, 0x00000000eec00000, 0x00000000eec00000|100%| E|CS|TAMS 0x00000000eeb00000| PB 0x00000000eeb00000| Complete 
| 236|0x00000000eec00000, 0x00000000eed00000, 0x00000000eed00000|100%| E|CS|TAMS 0x00000000eec00000| PB 0x00000000eec00000| Complete 
| 237|0x00000000eed00000, 0x00000000eee00000, 0x00000000eee00000|100%| E|CS|TAMS 0x00000000eed00000| PB 0x00000000eed00000| Complete 
| 238|0x00000000eee00000, 0x00000000eef00000, 0x00000000eef00000|100%| E|CS|TAMS 0x00000000eee00000| PB 0x00000000eee00000| Complete 
| 239|0x00000000eef00000, 0x00000000ef000000, 0x00000000ef000000|100%| E|CS|TAMS 0x00000000eef00000| PB 0x00000000eef00000| Complete 
| 240|0x00000000ef000000, 0x00000000ef100000, 0x00000000ef100000|100%| E|CS|TAMS 0x00000000ef000000| PB 0x00000000ef000000| Complete 
| 241|0x00000000ef100000, 0x00000000ef1b9790, 0x00000000ef200000| 72%| S|CS|TAMS 0x00000000ef100000| PB 0x00000000ef100000| Complete 
| 242|0x00000000ef200000, 0x00000000ef300000, 0x00000000ef300000|100%| S|CS|TAMS 0x00000000ef200000| PB 0x00000000ef200000| Complete 
| 243|0x00000000ef300000, 0x00000000ef400000, 0x00000000ef400000|100%| S|CS|TAMS 0x00000000ef300000| PB 0x00000000ef300000| Complete 
| 244|0x00000000ef400000, 0x00000000ef500000, 0x00000000ef500000|100%| S|CS|TAMS 0x00000000ef400000| PB 0x00000000ef400000| Complete 
| 245|0x00000000ef500000, 0x00000000ef600000, 0x00000000ef600000|100%| S|CS|TAMS 0x00000000ef500000| PB 0x00000000ef500000| Complete 
| 246|0x00000000ef600000, 0x00000000ef700000, 0x00000000ef700000|100%| S|CS|TAMS 0x00000000ef600000| PB 0x00000000ef600000| Complete 
| 247|0x00000000ef700000, 0x00000000ef800000, 0x00000000ef800000|100%| S|CS|TAMS 0x00000000ef700000| PB 0x00000000ef700000| Complete 
| 248|0x00000000ef800000, 0x00000000ef900000, 0x00000000ef900000|100%| S|CS|TAMS 0x00000000ef800000| PB 0x00000000ef800000| Complete 
| 249|0x00000000ef900000, 0x00000000efa00000, 0x00000000efa00000|100%| S|CS|TAMS 0x00000000ef900000| PB 0x00000000ef900000| Complete 
| 250|0x00000000efa00000, 0x00000000efb00000, 0x00000000efb00000|100%| E|CS|TAMS 0x00000000efa00000| PB 0x00000000efa00000| Complete 
| 251|0x00000000efb00000, 0x00000000efc00000, 0x00000000efc00000|100%| E|CS|TAMS 0x00000000efb00000| PB 0x00000000efb00000| Complete 
| 252|0x00000000efc00000, 0x00000000efd00000, 0x00000000efd00000|100%| E|CS|TAMS 0x00000000efc00000| PB 0x00000000efc00000| Complete 
| 253|0x00000000efd00000, 0x00000000efe00000, 0x00000000efe00000|100%| E|CS|TAMS 0x00000000efd00000| PB 0x00000000efd00000| Complete 
| 254|0x00000000efe00000, 0x00000000eff00000, 0x00000000eff00000|100%| E|CS|TAMS 0x00000000efe00000| PB 0x00000000efe00000| Complete 
| 255|0x00000000eff00000, 0x00000000f0000000, 0x00000000f0000000|100%| E|CS|TAMS 0x00000000eff00000| PB 0x00000000eff00000| Complete 

Card table byte_map: [0x0000021447590000,0x0000021447690000] _byte_map_base: 0x0000021446e90000

Marking Bits: (CMBitMap*) 0x000002142fec85f0
 Bits: [0x0000021447690000, 0x0000021447e90000)

Polling page: 0x000002142dc30000

Metaspace:

Usage:
  Non-class:     52.69 MB used.
      Class:      8.92 MB used.
       Both:     61.62 MB used.

Virtual space:
  Non-class space:       64.00 MB reserved,      53.75 MB ( 84%) committed,  1 nodes.
      Class space:      320.00 MB reserved,      10.00 MB (  3%) committed,  1 nodes.
             Both:      384.00 MB reserved,      63.75 MB ( 17%) committed. 

Chunk freelists:
   Non-Class:  10.17 MB
       Class:  6.05 MB
        Both:  16.22 MB

MaxMetaspaceSize: 384.00 MB
CompressedClassSpaceSize: 320.00 MB
Initial GC threshold: 21.00 MB
Current GC threshold: 101.50 MB
CDS: on
 - commit_granule_bytes: 65536.
 - commit_granule_words: 8192.
 - virtual_space_node_default_size: 8388608.
 - enlarge_chunks_in_place: 1.
 - use_allocation_guard: 0.


Internal statistics:

num_allocs_failed_limit: 21.
num_arena_births: 3684.
num_arena_deaths: 0.
num_vsnodes_births: 2.
num_vsnodes_deaths: 0.
num_space_committed: 1020.
num_space_uncommitted: 0.
num_chunks_returned_to_freelist: 21.
num_chunks_taken_from_freelist: 6855.
num_chunk_merges: 15.
num_chunk_splits: 4345.
num_chunks_enlarged: 2559.
num_inconsistent_stats: 0.

CodeHeap 'non-profiled nmethods': size=120000Kb used=3742Kb max_used=3911Kb free=116257Kb
 bounds [0x0000021440060000, 0x0000021440440000, 0x0000021447590000]
CodeHeap 'profiled nmethods': size=120000Kb used=11976Kb max_used=12144Kb free=108023Kb
 bounds [0x0000021438590000, 0x0000021439170000, 0x000002143fac0000]
CodeHeap 'non-nmethods': size=5760Kb used=2738Kb max_used=2804Kb free=3021Kb
 bounds [0x000002143fac0000, 0x000002143fd90000, 0x0000021440060000]
 total_blobs=7011 nmethods=6141 adapters=774
 compilation: enabled
              stopped_count=0, restarted_count=0
 full_count=0

Compilation events (20 events):
Event: 10.461 Thread 0x000002144a49eb60 nmethod 6792 0x000002143891ef10 code [0x000002143891f0a0, 0x000002143891f200]
Event: 10.461 Thread 0x000002144a49eb60 6789       3       com.amazon.ion.impl.bin.IonRawBinaryWriter::setFieldNameSymbol (11 bytes)
Event: 10.461 Thread 0x000002144a49eb60 nmethod 6789 0x0000021438732010 code [0x00000214387321e0, 0x0000021438732520]
Event: 10.461 Thread 0x000002144a49eb60 6790       3       com.amazon.ion.impl.bin.IonRawBinaryWriter::setFieldNameSymbol (24 bytes)
Event: 10.462 Thread 0x000002144a49eb60 nmethod 6790 0x000002143893ba90 code [0x000002143893bc80, 0x000002143893c150]
Event: 10.462 Thread 0x000002144a49eb60 6788       3       com.amazon.ion.impl.bin.IonRawBinaryWriter::finishValue (45 bytes)
Event: 10.462 Thread 0x000002144a49eb60 nmethod 6788 0x0000021438731810 code [0x00000214387319e0, 0x0000021438731d60]
Event: 10.462 Thread 0x000002144a49eb60 6791       3       java.nio.Buffer::rewind (12 bytes)
Event: 10.462 Thread 0x000002144a49eb60 nmethod 6791 0x0000021438926010 code [0x00000214389261a0, 0x00000214389262c0]
Event: 10.462 Thread 0x000002144a49eb60 6793       1       com.amazon.ion.impl.bin.IonRawBinaryWriter$PreallocationMode::access$500 (5 bytes)
Event: 10.462 Thread 0x000002144a49eb60 nmethod 6793 0x000002144017e810 code [0x000002144017e9a0, 0x000002144017ea50]
Event: 10.462 Thread 0x000002144a49eb60 6794       1       com.amazon.ion.impl.bin.IonRawBinaryWriter$PreallocationMode::access$700 (5 bytes)
Event: 10.462 Thread 0x000002144a49eb60 nmethod 6794 0x000002144017e310 code [0x000002144017e4a0, 0x000002144017e550]
Event: 10.462 Thread 0x000002144a49eb60 6795       1       com.amazon.ion.impl.bin.IonManagedBinaryWriter::access$300 (5 bytes)
Event: 10.462 Thread 0x000002144a49eb60 nmethod 6795 0x00000214401bba10 code [0x00000214401bbba0, 0x00000214401bbc50]
Event: 10.462 Thread 0x000002144a49eb60 6796       1       com.amazon.ion.impl.bin.IonRawBinaryWriter::hasTopLevelSymbolTableAnnotation (5 bytes)
Event: 10.462 Thread 0x000002144a49eb60 nmethod 6796 0x00000214401bb710 code [0x00000214401bb8a0, 0x00000214401bb970]
Event: 10.462 Thread 0x000002144a49eb60 6799       3       com.amazon.ion.impl.bin.IonManagedBinaryWriter::setFieldName (48 bytes)
Event: 10.463 Thread 0x000002144a49eb60 nmethod 6799 0x000002143893ae90 code [0x000002143893b0e0, 0x000002143893b780]
Event: 10.463 Thread 0x000002144a49eb60 6800       3       com.amazon.ion.impl.bin.IonManagedBinaryWriter::isInStruct (8 bytes)

GC Heap History (18 events):
Event: 0.400 GC heap before
{Heap before GC invocations=0 (full 0):
 garbage-first heap   total 262144K, used 13312K [0x00000000e0000000, 0x0000000100000000)
  region size 1024K, 13 young (13312K), 0 survivors (0K)
 Metaspace       used 827K, committed 960K, reserved 393216K
  class space    used 68K, committed 128K, reserved 327680K
}
Event: 0.463 GC heap after
{Heap after GC invocations=1 (full 0):
 garbage-first heap   total 262144K, used 1280K [0x00000000e0000000, 0x0000000100000000)
  region size 1024K, 2 young (2048K), 2 survivors (2048K)
 Metaspace       used 827K, committed 960K, reserved 393216K
  class space    used 68K, committed 128K, reserved 327680K
}
Event: 1.049 GC heap before
{Heap before GC invocations=1 (full 0):
 garbage-first heap   total 262144K, used 29952K [0x00000000e0000000, 0x0000000100000000)
  region size 1024K, 27 young (27648K), 2 survivors (2048K)
 Metaspace       used 3946K, committed 4160K, reserved 393216K
  class space    used 489K, committed 576K, reserved 327680K
}
Event: 1.052 GC heap after
{Heap after GC invocations=2 (full 0):
 garbage-first heap   total 262144K, used 11244K [0x00000000e0000000, 0x0000000100000000)
  region size 1024K, 4 young (4096K), 4 survivors (4096K)
 Metaspace       used 3946K, committed 4160K, reserved 393216K
  class space    used 489K, committed 576K, reserved 327680K
}
Event: 4.758 GC heap before
{Heap before GC invocations=2 (full 0):
 garbage-first heap   total 262144K, used 157676K [0x00000000e0000000, 0x0000000100000000)
  region size 1024K, 147 young (150528K), 4 survivors (4096K)
 Metaspace       used 20888K, committed 21504K, reserved 393216K
  class space    used 2966K, committed 3264K, reserved 327680K
}
Event: 4.766 GC heap after
{Heap after GC invocations=3 (full 0):
 garbage-first heap   total 262144K, used 24938K [0x00000000e0000000, 0x0000000100000000)
  region size 1024K, 17 young (17408K), 17 survivors (17408K)
 Metaspace       used 20888K, committed 21504K, reserved 393216K
  class space    used 2966K, committed 3264K, reserved 327680K
}
Event: 7.060 GC heap before
{Heap before GC invocations=4 (full 0):
 garbage-first heap   total 262144K, used 108906K [0x00000000e0000000, 0x0000000100000000)
  region size 1024K, 89 young (91136K), 17 survivors (17408K)
 Metaspace       used 29543K, committed 30720K, reserved 393216K
  class space    used 4407K, committed 4992K, reserved 327680K
}
Event: 7.074 GC heap after
{Heap after GC invocations=5 (full 0):
 garbage-first heap   total 262144K, used 42849K [0x00000000e0000000, 0x0000000100000000)
  region size 1024K, 7 young (7168K), 7 survivors (7168K)
 Metaspace       used 29543K, committed 30720K, reserved 393216K
  class space    used 4407K, committed 4992K, reserved 327680K
}
Event: 7.371 GC heap before
{Heap before GC invocations=5 (full 0):
 garbage-first heap   total 262144K, used 73569K [0x00000000e0000000, 0x0000000100000000)
  region size 1024K, 38 young (38912K), 7 survivors (7168K)
 Metaspace       used 34592K, committed 35968K, reserved 393216K
  class space    used 5086K, committed 5760K, reserved 327680K
}
Event: 7.375 GC heap after
{Heap after GC invocations=6 (full 0):
 garbage-first heap   total 262144K, used 44830K [0x00000000e0000000, 0x0000000100000000)
  region size 1024K, 9 young (9216K), 9 survivors (9216K)
 Metaspace       used 34592K, committed 35968K, reserved 393216K
  class space    used 5086K, committed 5760K, reserved 327680K
}
Event: 7.381 GC heap before
{Heap before GC invocations=6 (full 0):
 garbage-first heap   total 262144K, used 44830K [0x00000000e0000000, 0x0000000100000000)
  region size 1024K, 10 young (10240K), 9 survivors (9216K)
 Metaspace       used 34930K, committed 36288K, reserved 393216K
  class space    used 5127K, committed 5824K, reserved 327680K
}
Event: 7.385 GC heap after
{Heap after GC invocations=7 (full 0):
 garbage-first heap   total 262144K, used 45459K [0x00000000e0000000, 0x0000000100000000)
  region size 1024K, 3 young (3072K), 3 survivors (3072K)
 Metaspace       used 34930K, committed 36288K, reserved 393216K
  class space    used 5127K, committed 5824K, reserved 327680K
}
Event: 9.323 GC heap before
{Heap before GC invocations=8 (full 0):
 garbage-first heap   total 262144K, used 217491K [0x00000000e0000000, 0x0000000100000000)
  region size 1024K, 153 young (156672K), 3 survivors (3072K)
 Metaspace       used 50558K, committed 52352K, reserved 393216K
  class space    used 7118K, committed 8000K, reserved 327680K
}
Event: 9.332 GC heap after
{Heap after GC invocations=9 (full 0):
 garbage-first heap   total 262144K, used 70901K [0x00000000e0000000, 0x0000000100000000)
  region size 1024K, 16 young (16384K), 16 survivors (16384K)
 Metaspace       used 50558K, committed 52352K, reserved 393216K
  class space    used 7118K, committed 8000K, reserved 327680K
}
Event: 10.164 GC heap before
{Heap before GC invocations=9 (full 0):
 garbage-first heap   total 262144K, used 182517K [0x00000000e0000000, 0x0000000100000000)
  region size 1024K, 114 young (116736K), 16 survivors (16384K)
 Metaspace       used 59355K, committed 61440K, reserved 393216K
  class space    used 8589K, committed 9664K, reserved 327680K
}
Event: 10.180 GC heap after
{Heap after GC invocations=10 (full 0):
 garbage-first heap   total 262144K, used 91797K [0x00000000e0000000, 0x0000000100000000)
  region size 1024K, 9 young (9216K), 9 survivors (9216K)
 Metaspace       used 59355K, committed 61440K, reserved 393216K
  class space    used 8589K, committed 9664K, reserved 327680K
}
Event: 10.207 GC heap before
{Heap before GC invocations=10 (full 0):
 garbage-first heap   total 262144K, used 96917K [0x00000000e0000000, 0x0000000100000000)
  region size 1024K, 15 young (15360K), 9 survivors (9216K)
 Metaspace       used 59666K, committed 61760K, reserved 393216K
  class space    used 8650K, committed 9728K, reserved 327680K
}
Event: 10.212 GC heap after
{Heap after GC invocations=11 (full 0):
 garbage-first heap   total 262144K, used 91536K [0x00000000e0000000, 0x0000000100000000)
  region size 1024K, 9 young (9216K), 9 survivors (9216K)
 Metaspace       used 59666K, committed 61760K, reserved 393216K
  class space    used 8650K, committed 9728K, reserved 327680K
}

Dll operation events (15 events):
Event: 0.007 Loaded shared library C:\Users\tester\.jdks\corretto-21.0.6\bin\java.dll
Event: 0.048 Loaded shared library C:\Users\tester\.jdks\corretto-21.0.6\bin\jsvml.dll
Event: 0.113 Loaded shared library C:\Users\tester\.jdks\corretto-21.0.6\bin\zip.dll
Event: 0.128 Loaded shared library C:\Users\tester\.jdks\corretto-21.0.6\bin\instrument.dll
Event: 0.164 Loaded shared library C:\Users\tester\.jdks\corretto-21.0.6\bin\net.dll
Event: 0.165 Loaded shared library C:\Users\tester\.jdks\corretto-21.0.6\bin\nio.dll
Event: 0.167 Loaded shared library C:\Users\tester\.jdks\corretto-21.0.6\bin\zip.dll
Event: 0.493 Loaded shared library C:\Users\tester\.jdks\corretto-21.0.6\bin\jimage.dll
Event: 0.668 Loaded shared library C:\Users\tester\.jdks\corretto-21.0.6\bin\verify.dll
Event: 0.818 Loaded shared library C:\Users\tester\.gradle\native\c067742578af261105cb4f569cf0c3c89f3d7b1fecec35dd04571415982c5e48\windows-amd64\native-platform.dll
Event: 0.823 Loaded shared library C:\Users\tester\.gradle\native\100fb08df4bc3b14c8652ba06237920a3bd2aa13389f12d3474272988ae205f9\windows-amd64\native-platform-file-events.dll
Event: 2.148 Loaded shared library C:\Users\tester\.jdks\corretto-21.0.6\bin\management.dll
Event: 2.150 Loaded shared library C:\Users\tester\.jdks\corretto-21.0.6\bin\management_ext.dll
Event: 2.350 Loaded shared library C:\Users\tester\.jdks\corretto-21.0.6\bin\extnet.dll
Event: 2.439 Loaded shared library C:\Users\tester\.jdks\corretto-21.0.6\bin\sunmscapi.dll

Deoptimization events (20 events):
Event: 10.332 Thread 0x0000021467b75930 Uncommon trap: trap_request=0xffffff45 fr.pc=0x00000214400e3a78 relative=0x0000000000000138
Event: 10.332 Thread 0x0000021467b75930 Uncommon trap: reason=unstable_if action=reinterpret pc=0x00000214400e3a78 method=java.lang.ThreadLocal.get(Ljava/lang/Thread;)Ljava/lang/Object; @ 7 c2
Event: 10.332 Thread 0x0000021467b75930 DEOPT PACKING pc=0x00000214400e3a78 sp=0x0000005403dfed20
Event: 10.332 Thread 0x0000021467b75930 DEOPT UNPACKING pc=0x000002143fb146a2 sp=0x0000005403dfecb8 mode 2
Event: 10.380 Thread 0x00000214655b4300 Uncommon trap: trap_request=0xffffff45 fr.pc=0x00000214400e1580 relative=0x00000000000004a0
Event: 10.380 Thread 0x00000214655b4300 Uncommon trap: reason=unstable_if action=reinterpret pc=0x00000214400e1580 method=java.lang.Integer.stringSize(I)I @ 3 c2
Event: 10.380 Thread 0x00000214655b4300 DEOPT PACKING pc=0x00000214400e1580 sp=0x0000005401efb2e0
Event: 10.380 Thread 0x00000214655b4300 DEOPT UNPACKING pc=0x000002143fb146a2 sp=0x0000005401efb220 mode 2
Event: 10.399 Thread 0x00000214655b4300 Uncommon trap: trap_request=0xffffffc6 fr.pc=0x00000214403e691c relative=0x000000000000043c
Event: 10.399 Thread 0x00000214655b4300 Uncommon trap: reason=bimorphic_or_optimized_type_check action=maybe_recompile pc=0x00000214403e691c method=org.codehaus.groovy.runtime.metaclass.MetaMethodIndex.isOverridden(Lgroovy/lang/MetaMethod;Lgroovy/lang/MetaMethod;)Z @ 10 c2
Event: 10.399 Thread 0x00000214655b4300 DEOPT PACKING pc=0x00000214403e691c sp=0x0000005401ef9a80
Event: 10.399 Thread 0x00000214655b4300 DEOPT UNPACKING pc=0x000002143fb146a2 sp=0x0000005401ef9a10 mode 2
Event: 10.420 Thread 0x00000214655b4300 Uncommon trap: trap_request=0xffffff45 fr.pc=0x00000214403ed274 relative=0x0000000000000474
Event: 10.420 Thread 0x00000214655b4300 Uncommon trap: reason=unstable_if action=reinterpret pc=0x00000214403ed274 method=java.util.StringJoiner.add(Ljava/lang/CharSequence;)Ljava/util/StringJoiner; @ 33 c2
Event: 10.420 Thread 0x00000214655b4300 DEOPT PACKING pc=0x00000214403ed274 sp=0x0000005401ef9200
Event: 10.420 Thread 0x00000214655b4300 DEOPT UNPACKING pc=0x000002143fb146a2 sp=0x0000005401ef91b0 mode 2
Event: 10.453 Thread 0x00000214655b4300 Uncommon trap: trap_request=0xffffffc6 fr.pc=0x00000214402ddb28 relative=0x0000000000000e28
Event: 10.453 Thread 0x00000214655b4300 Uncommon trap: reason=bimorphic_or_optimized_type_check action=maybe_recompile pc=0x00000214402ddb28 method=java.util.HashMap.computeIfAbsent(Ljava/lang/Object;Ljava/util/function/Function;)Ljava/lang/Object; @ 142 c2
Event: 10.453 Thread 0x00000214655b4300 DEOPT PACKING pc=0x00000214402ddb28 sp=0x0000005401ef9130
Event: 10.453 Thread 0x00000214655b4300 DEOPT UNPACKING pc=0x000002143fb146a2 sp=0x0000005401ef90f8 mode 2

Classes loaded (20 events):
Event: 10.430 Loading class java/util/Collections$SingletonListCustomizer
Event: 10.430 Loading class java/util/Collections$SingletonListCustomizer done
Event: 10.430 Loading class java/util/Collections$SingletonListCustomizer
Event: 10.430 Loading class java/util/Collections$SingletonListCustomizer done
Event: 10.447 Loading class java/util/LinkedListBeanInfo
Event: 10.447 Loading class java/util/LinkedListBeanInfo done
Event: 10.447 Loading class java/util/LinkedListBeanInfo
Event: 10.447 Loading class java/util/LinkedListBeanInfo done
Event: 10.447 Loading class java/util/AbstractSequentialListBeanInfo
Event: 10.447 Loading class java/util/AbstractSequentialListBeanInfo done
Event: 10.447 Loading class java/util/AbstractSequentialListBeanInfo
Event: 10.447 Loading class java/util/AbstractSequentialListBeanInfo done
Event: 10.447 Loading class java/util/AbstractSequentialListCustomizer
Event: 10.447 Loading class java/util/AbstractSequentialListCustomizer done
Event: 10.447 Loading class java/util/AbstractSequentialListCustomizer
Event: 10.447 Loading class java/util/AbstractSequentialListCustomizer done
Event: 10.447 Loading class java/util/LinkedListCustomizer
Event: 10.447 Loading class java/util/LinkedListCustomizer done
Event: 10.447 Loading class java/util/LinkedListCustomizer
Event: 10.447 Loading class java/util/LinkedListCustomizer done

Classes unloaded (0 events):
No events

Classes redefined (0 events):
No events

Internal exceptions (20 events):
Event: 10.438 Thread 0x00000214655b4300 Exception <a 'java/lang/ClassNotFoundException'{0x00000000ed476998}: org/gradle/api/file/SyncSpecBeanInfo> (0x00000000ed476998) 
thrown [s\src\hotspot\share\classfile\systemDictionary.cpp, line 312]
Event: 10.439 Thread 0x00000214655b4300 Exception <a 'java/lang/ClassNotFoundException'{0x00000000ed47e948}: org/gradle/api/file/SyncSpecCustomizer> (0x00000000ed47e948) 
thrown [s\src\hotspot\share\classfile\systemDictionary.cpp, line 312]
Event: 10.439 Thread 0x00000214655b4300 Exception <a 'java/lang/ClassNotFoundException'{0x00000000ed49d810}: org/gradle/api/file/CopySpecBeanInfo> (0x00000000ed49d810) 
thrown [s\src\hotspot\share\classfile\systemDictionary.cpp, line 312]
Event: 10.439 Thread 0x00000214655b4300 Exception <a 'java/lang/ClassNotFoundException'{0x00000000ed4a57c0}: org/gradle/api/file/CopySpecCustomizer> (0x00000000ed4a57c0) 
thrown [s\src\hotspot\share\classfile\systemDictionary.cpp, line 312]
Event: 10.440 Thread 0x00000214655b4300 Exception <a 'java/lang/ClassNotFoundException'{0x00000000ed4ee040}: org/gradle/api/file/CopySourceSpecBeanInfo> (0x00000000ed4ee040) 
thrown [s\src\hotspot\share\classfile\systemDictionary.cpp, line 312]
Event: 10.440 Thread 0x00000214655b4300 Exception <a 'java/lang/ClassNotFoundException'{0x00000000ed4f60f8}: org/gradle/api/file/CopySourceSpecCustomizer> (0x00000000ed4f60f8) 
thrown [s\src\hotspot\share\classfile\systemDictionary.cpp, line 312]
Event: 10.441 Thread 0x00000214655b4300 Exception <a 'java/lang/ClassNotFoundException'{0x00000000ed3081c8}: org/gradle/api/file/CopyProcessingSpecBeanInfo> (0x00000000ed3081c8) 
thrown [s\src\hotspot\share\classfile\systemDictionary.cpp, line 312]
Event: 10.441 Thread 0x00000214655b4300 Exception <a 'java/lang/ClassNotFoundException'{0x00000000ed310328}: org/gradle/api/file/CopyProcessingSpecCustomizer> (0x00000000ed310328) 
thrown [s\src\hotspot\share\classfile\systemDictionary.cpp, line 312]
Event: 10.442 Thread 0x00000214655b4300 Exception <a 'java/lang/ClassNotFoundException'{0x00000000ed32db38}: org/gradle/api/file/ContentFilterableBeanInfo> (0x00000000ed32db38) 
thrown [s\src\hotspot\share\classfile\systemDictionary.cpp, line 312]
Event: 10.442 Thread 0x00000214655b4300 Exception <a 'java/lang/ClassNotFoundException'{0x00000000ed335c98}: org/gradle/api/file/ContentFilterableCustomizer> (0x00000000ed335c98) 
thrown [s\src\hotspot\share\classfile\systemDictionary.cpp, line 312]
Event: 10.443 Thread 0x00000214655b4300 Exception <a 'java/lang/ClassNotFoundException'{0x00000000ed34cb00}: org/gradle/api/tasks/util/PatternFilterableBeanInfo> (0x00000000ed34cb00) 
thrown [s\src\hotspot\share\classfile\systemDictionary.cpp, line 312]
Event: 10.443 Thread 0x00000214655b4300 Exception <a 'java/lang/ClassNotFoundException'{0x00000000ed354cd0}: org/gradle/api/tasks/util/PatternFilterableCustomizer> (0x00000000ed354cd0) 
thrown [s\src\hotspot\share\classfile\systemDictionary.cpp, line 312]
Event: 10.444 Thread 0x00000214655b4300 Exception <a 'java/lang/ClassNotFoundException'{0x00000000ed371078}: groovy/lang/MetaBeanPropertyBeanInfo> (0x00000000ed371078) 
thrown [s\src\hotspot\share\classfile\systemDictionary.cpp, line 312]
Event: 10.444 Thread 0x00000214655b4300 Exception <a 'java/lang/ClassNotFoundException'{0x00000000ed378ff0}: groovy/lang/MetaPropertyBeanInfo> (0x00000000ed378ff0) 
thrown [s\src\hotspot\share\classfile\systemDictionary.cpp, line 312]
Event: 10.444 Thread 0x00000214655b4300 Exception <a 'java/lang/ClassNotFoundException'{0x00000000ed3811d0}: groovy/lang/MetaPropertyCustomizer> (0x00000000ed3811d0) 
thrown [s\src\hotspot\share\classfile\systemDictionary.cpp, line 312]
Event: 10.444 Thread 0x00000214655b4300 Exception <a 'java/lang/ClassNotFoundException'{0x00000000ed38e448}: groovy/lang/MetaBeanPropertyCustomizer> (0x00000000ed38e448) 
thrown [s\src\hotspot\share\classfile\systemDictionary.cpp, line 312]
Event: 10.447 Thread 0x00000214655b4300 Exception <a 'java/lang/ClassNotFoundException'{0x00000000ed1395b0}: java/util/LinkedListBeanInfo> (0x00000000ed1395b0) 
thrown [s\src\hotspot\share\classfile\systemDictionary.cpp, line 312]
Event: 10.447 Thread 0x00000214655b4300 Exception <a 'java/lang/ClassNotFoundException'{0x00000000ed13dee8}: java/util/AbstractSequentialListBeanInfo> (0x00000000ed13dee8) 
thrown [s\src\hotspot\share\classfile\systemDictionary.cpp, line 312]
Event: 10.447 Thread 0x00000214655b4300 Exception <a 'java/lang/ClassNotFoundException'{0x00000000ed142820}: java/util/AbstractSequentialListCustomizer> (0x00000000ed142820) 
thrown [s\src\hotspot\share\classfile\systemDictionary.cpp, line 312]
Event: 10.447 Thread 0x00000214655b4300 Exception <a 'java/lang/ClassNotFoundException'{0x00000000ed152440}: java/util/LinkedListCustomizer> (0x00000000ed152440) 
thrown [s\src\hotspot\share\classfile\systemDictionary.cpp, line 312]

ZGC Phase Switch (0 events):
No events

VM Operations (20 events):
Event: 9.546 Executing VM operation: ICBufferFull
Event: 9.546 Executing VM operation: ICBufferFull done
Event: 9.744 Executing VM operation: ICBufferFull
Event: 9.744 Executing VM operation: ICBufferFull done
Event: 10.008 Executing VM operation: ICBufferFull
Event: 10.008 Executing VM operation: ICBufferFull done
Event: 10.076 Executing VM operation: HandshakeAllThreads (Deoptimize)
Event: 10.076 Executing VM operation: HandshakeAllThreads (Deoptimize) done
Event: 10.084 Executing VM operation: HandshakeAllThreads (Deoptimize)
Event: 10.085 Executing VM operation: HandshakeAllThreads (Deoptimize) done
Event: 10.164 Executing VM operation: CollectForMetadataAllocation (Metadata GC Threshold)
Event: 10.180 Executing VM operation: CollectForMetadataAllocation (Metadata GC Threshold) done
Event: 10.207 Executing VM operation: CollectForMetadataAllocation (Metadata GC Threshold)
Event: 10.212 Executing VM operation: CollectForMetadataAllocation (Metadata GC Threshold) done
Event: 10.233 Executing VM operation: CollectForMetadataAllocation (Metadata GC Threshold)
Event: 10.233 Executing VM operation: CollectForMetadataAllocation (Metadata GC Threshold) done
Event: 10.253 Executing VM operation: G1PauseRemark
Event: 10.257 Executing VM operation: G1PauseRemark done
Event: 10.272 Executing VM operation: G1PauseCleanup
Event: 10.272 Executing VM operation: G1PauseCleanup done

Memory protections (0 events):
No events

Nmethod flushes (20 events):
Event: 10.256 Thread 0x000002144a47cdd0 flushing  nmethod 0x0000021438a4ed10
Event: 10.256 Thread 0x000002144a47cdd0 flushing  nmethod 0x0000021438a51810
Event: 10.256 Thread 0x000002144a47cdd0 flushing  nmethod 0x0000021438b51b90
Event: 10.256 Thread 0x000002144a47cdd0 flushing  nmethod 0x0000021438b58110
Event: 10.256 Thread 0x000002144a47cdd0 flushing  nmethod 0x0000021438b9ed90
Event: 10.256 Thread 0x000002144a47cdd0 flushing  nmethod 0x0000021438bca090
Event: 10.256 Thread 0x000002144a47cdd0 flushing  nmethod 0x0000021438bdc390
Event: 10.256 Thread 0x000002144a47cdd0 flushing  nmethod 0x0000021438bdcb90
Event: 10.256 Thread 0x000002144a47cdd0 flushing  nmethod 0x0000021438bdd610
Event: 10.256 Thread 0x000002144a47cdd0 flushing  nmethod 0x0000021438bdda90
Event: 10.256 Thread 0x000002144a47cdd0 flushing  nmethod 0x0000021438bddf90
Event: 10.256 Thread 0x000002144a47cdd0 flushing  nmethod 0x0000021438c08a10
Event: 10.256 Thread 0x000002144a47cdd0 flushing  nmethod 0x0000021438c1a590
Event: 10.256 Thread 0x000002144a47cdd0 flushing  nmethod 0x0000021438c60810
Event: 10.256 Thread 0x000002144a47cdd0 flushing  nmethod 0x0000021438c72c90
Event: 10.256 Thread 0x000002144a47cdd0 flushing  nmethod 0x0000021438cc5290
Event: 10.256 Thread 0x000002144a47cdd0 flushing  nmethod 0x0000021438ccd590
Event: 10.256 Thread 0x000002144a47cdd0 flushing  nmethod 0x0000021438ccf590
Event: 10.256 Thread 0x000002144a47cdd0 flushing  nmethod 0x0000021438d5ed10
Event: 10.256 Thread 0x000002144a47cdd0 flushing  nmethod 0x0000021438d5f190

Events (20 events):
Event: 7.010 Thread 0x000002146769f830 Thread exited: 0x000002146769f830
Event: 7.114 Thread 0x00000214655b4300 Thread added: 0x000002146494c4b0
Event: 7.286 Thread 0x000002144a49eb60 Thread added: 0x0000021466dc44d0
Event: 8.118 Thread 0x00000214655b4300 Thread added: 0x0000021464951a00
Event: 8.118 Thread 0x00000214655b4300 Thread added: 0x0000021464952090
Event: 8.119 Thread 0x00000214655b4300 Thread added: 0x000002146494b790
Event: 8.481 Thread 0x0000021466dc44d0 Thread exited: 0x0000021466dc44d0
Event: 8.739 Thread 0x00000214655b4300 Thread added: 0x000002146494cb40
Event: 8.739 Thread 0x00000214655b4300 Thread added: 0x000002146494d860
Event: 8.740 Thread 0x00000214655b4300 Thread added: 0x0000021467b78090
Event: 8.744 Thread 0x000002144a49eb60 Thread added: 0x000002146790a840
Event: 9.605 Thread 0x00000214655b4300 Thread added: 0x0000021467b7a160
Event: 9.952 Thread 0x00000214655b4300 Thread added: 0x0000021467b74580
Event: 9.973 Thread 0x0000021467b74580 Thread exited: 0x0000021467b74580
Event: 10.036 Thread 0x00000214655b4300 Thread added: 0x0000021467b79ad0
Event: 10.040 Thread 0x0000021467b79ad0 Thread added: 0x0000021467b7a7f0
Event: 10.040 Thread 0x0000021467b79ad0 Thread added: 0x0000021467b752a0
Event: 10.040 Thread 0x0000021467b79ad0 Thread added: 0x0000021467b7b510
Event: 10.055 Thread 0x0000021467b79ad0 Thread added: 0x0000021467b74580
Event: 10.332 Thread 0x00000214655b4300 Thread added: 0x0000021467b75930


Dynamic libraries:
0x00007ff73a180000 - 0x00007ff73a18e000 	C:\Users\tester\.jdks\corretto-21.0.6\bin\java.exe
0x00007fff91850000 - 0x00007fff91a48000 	C:\Windows\SYSTEM32\ntdll.dll
0x00007fff8fa90000 - 0x00007fff8fb52000 	C:\Windows\System32\KERNEL32.DLL
0x00007fff8f090000 - 0x00007fff8f386000 	C:\Windows\System32\KERNELBASE.dll
0x00007fff8eee0000 - 0x00007fff8efe0000 	C:\Windows\System32\ucrtbase.dll
0x00007fff7aae0000 - 0x00007fff7aaf8000 	C:\Users\tester\.jdks\corretto-21.0.6\bin\jli.dll
0x00007fff844d0000 - 0x00007fff844eb000 	C:\Users\tester\.jdks\corretto-21.0.6\bin\VCRUNTIME140.dll
0x00007fff91590000 - 0x00007fff9172d000 	C:\Windows\System32\USER32.dll
0x00007fff8f660000 - 0x00007fff8f682000 	C:\Windows\System32\win32u.dll
0x00007fff8e200000 - 0x00007fff8e49a000 	C:\Windows\WinSxS\amd64_microsoft.windows.common-controls_6595b64144ccf1df_6.0.19041.4355_none_60b8b9eb71f62e16\COMCTL32.dll
0x00007fff907b0000 - 0x00007fff9084e000 	C:\Windows\System32\msvcrt.dll
0x00007fff91270000 - 0x00007fff9129b000 	C:\Windows\System32\GDI32.dll
0x00007fff8f460000 - 0x00007fff8f57a000 	C:\Windows\System32\gdi32full.dll
0x00007fff8f390000 - 0x00007fff8f42d000 	C:\Windows\System32\msvcp_win.dll
0x00007fff91240000 - 0x00007fff9126f000 	C:\Windows\System32\IMM32.DLL
0x00007fff7cea0000 - 0x00007fff7ceac000 	C:\Users\tester\.jdks\corretto-21.0.6\bin\vcruntime140_1.dll
0x00007fff4bf70000 - 0x00007fff4bffd000 	C:\Users\tester\.jdks\corretto-21.0.6\bin\msvcp140.dll
0x00007fff23f80000 - 0x00007fff24d1f000 	C:\Users\tester\.jdks\corretto-21.0.6\bin\server\jvm.dll
0x00007fff914e0000 - 0x00007fff9158f000 	C:\Windows\System32\ADVAPI32.dll
0x00007fff91440000 - 0x00007fff914df000 	C:\Windows\System32\sechost.dll
0x00007fff8f870000 - 0x00007fff8f993000 	C:\Windows\System32\RPCRT4.dll
0x00007fff8f430000 - 0x00007fff8f457000 	C:\Windows\System32\bcrypt.dll
0x00007fff8fa20000 - 0x00007fff8fa8b000 	C:\Windows\System32\WS2_32.dll
0x00007fff8ed40000 - 0x00007fff8ed8b000 	C:\Windows\SYSTEM32\POWRPROF.dll
0x00007fff7c1c0000 - 0x00007fff7c1e7000 	C:\Windows\SYSTEM32\WINMM.dll
0x00007fff890b0000 - 0x00007fff890ba000 	C:\Windows\SYSTEM32\VERSION.dll
0x00007fff8ed20000 - 0x00007fff8ed32000 	C:\Windows\SYSTEM32\UMPDC.dll
0x00007fff8bf70000 - 0x00007fff8bf82000 	C:\Windows\SYSTEM32\kernel.appcore.dll
0x00007fff7aad0000 - 0x00007fff7aada000 	C:\Users\tester\.jdks\corretto-21.0.6\bin\jimage.dll
0x00007fff8e8c0000 - 0x00007fff8eaa4000 	C:\Windows\SYSTEM32\DBGHELP.DLL
0x00007fff8e4a0000 - 0x00007fff8e4d4000 	C:\Windows\SYSTEM32\dbgcore.DLL
0x00007fff8f580000 - 0x00007fff8f602000 	C:\Windows\System32\bcryptPrimitives.dll
0x00007fff7aac0000 - 0x00007fff7aace000 	C:\Users\tester\.jdks\corretto-21.0.6\bin\instrument.dll
0x00007fff73ab0000 - 0x00007fff73acf000 	C:\Users\tester\.jdks\corretto-21.0.6\bin\java.dll
0x00007fff90040000 - 0x00007fff907af000 	C:\Windows\System32\SHELL32.dll
0x00007fff8c900000 - 0x00007fff8d0a3000 	C:\Windows\SYSTEM32\windows.storage.dll
0x00007fff90850000 - 0x00007fff90ba5000 	C:\Windows\System32\combase.dll
0x00007fff8e560000 - 0x00007fff8e58b000 	C:\Windows\SYSTEM32\Wldp.dll
0x00007fff91730000 - 0x00007fff917fd000 	C:\Windows\System32\OLEAUT32.dll
0x00007fff91180000 - 0x00007fff9122d000 	C:\Windows\System32\SHCORE.dll
0x00007fff912a0000 - 0x00007fff912f5000 	C:\Windows\System32\shlwapi.dll
0x00007fff8ee10000 - 0x00007fff8ee35000 	C:\Windows\SYSTEM32\profapi.dll
0x00007fff4bb70000 - 0x00007fff4bc47000 	C:\Users\tester\.jdks\corretto-21.0.6\bin\jsvml.dll
0x00007fff73a80000 - 0x00007fff73a98000 	C:\Users\tester\.jdks\corretto-21.0.6\bin\zip.dll
0x00007fff7aab0000 - 0x00007fff7aac0000 	C:\Users\tester\.jdks\corretto-21.0.6\bin\net.dll
0x00007fff87260000 - 0x00007fff8736a000 	C:\Windows\SYSTEM32\WINHTTP.dll
0x00007fff8df00000 - 0x00007fff8df6c000 	C:\Windows\system32\mswsock.dll
0x00007fff6cde0000 - 0x00007fff6cdf6000 	C:\Users\tester\.jdks\corretto-21.0.6\bin\nio.dll
0x00007fff7a5a0000 - 0x00007fff7a5b0000 	C:\Users\tester\.jdks\corretto-21.0.6\bin\verify.dll
0x00007fff7a5b0000 - 0x00007fff7a5d7000 	C:\Users\tester\.gradle\native\c067742578af261105cb4f569cf0c3c89f3d7b1fecec35dd04571415982c5e48\windows-amd64\native-platform.dll
0x00007fff3aba0000 - 0x00007fff3ace4000 	C:\Users\tester\.gradle\native\100fb08df4bc3b14c8652ba06237920a3bd2aa13389f12d3474272988ae205f9\windows-amd64\native-platform-file-events.dll
0x00007fff77890000 - 0x00007fff77899000 	C:\Users\tester\.jdks\corretto-21.0.6\bin\management.dll
0x00007fff74bc0000 - 0x00007fff74bcb000 	C:\Users\tester\.jdks\corretto-21.0.6\bin\management_ext.dll
0x00007fff91170000 - 0x00007fff91178000 	C:\Windows\System32\PSAPI.DLL
0x00007fff8ebe0000 - 0x00007fff8ebf8000 	C:\Windows\SYSTEM32\CRYPTSP.dll
0x00007fff8d880000 - 0x00007fff8d8b8000 	C:\Windows\system32\rsaenh.dll
0x00007fff8ed90000 - 0x00007fff8edbe000 	C:\Windows\SYSTEM32\USERENV.dll
0x00007fff8e0f0000 - 0x00007fff8e0fc000 	C:\Windows\SYSTEM32\CRYPTBASE.dll
0x00007fff8dbe0000 - 0x00007fff8dc1b000 	C:\Windows\SYSTEM32\IPHLPAPI.DLL
0x00007fff91800000 - 0x00007fff91808000 	C:\Windows\System32\NSI.dll
0x00007fff705d0000 - 0x00007fff705d9000 	C:\Users\tester\.jdks\corretto-21.0.6\bin\extnet.dll
0x00007fff6d2d0000 - 0x00007fff6d2de000 	C:\Users\tester\.jdks\corretto-21.0.6\bin\sunmscapi.dll
0x00007fff8f710000 - 0x00007fff8f86d000 	C:\Windows\System32\CRYPT32.dll
0x00007fff8e5d0000 - 0x00007fff8e5f7000 	C:\Windows\SYSTEM32\ncrypt.dll
0x00007fff8e590000 - 0x00007fff8e5cb000 	C:\Windows\SYSTEM32\NTASN1.dll
0x00007fff668b0000 - 0x00007fff668b7000 	C:\Windows\system32\wshunix.dll

dbghelp: loaded successfully - version: 4.0.5 - missing functions: none
symbol engine: initialized successfully - sym options: 0x614 - pdb path: .;C:\Users\tester\.jdks\corretto-21.0.6\bin;C:\Windows\SYSTEM32;C:\Windows\WinSxS\amd64_microsoft.windows.common-controls_6595b64144ccf1df_6.0.19041.4355_none_60b8b9eb71f62e16;C:\Users\tester\.jdks\corretto-21.0.6\bin\server;C:\Users\tester\.gradle\native\c067742578af261105cb4f569cf0c3c89f3d7b1fecec35dd04571415982c5e48\windows-amd64;C:\Users\tester\.gradle\native\100fb08df4bc3b14c8652ba06237920a3bd2aa13389f12d3474272988ae205f9\windows-amd64

VM Arguments:
jvm_args: --add-opens=java.base/java.util=ALL-UNNAMED --add-opens=java.base/java.lang=ALL-UNNAMED --add-opens=java.base/java.lang.invoke=ALL-UNNAMED --add-opens=java.prefs/java.util.prefs=ALL-UNNAMED --add-exports=jdk.compiler/com.sun.tools.javac.api=ALL-UNNAMED --add-exports=jdk.compiler/com.sun.tools.javac.util=ALL-UNNAMED --add-opens=java.base/java.nio.charset=ALL-UNNAMED --add-opens=java.base/java.net=ALL-UNNAMED --add-opens=java.base/java.util.concurrent.atomic=ALL-UNNAMED -XX:MaxMetaspaceSize=384m -XX:+HeapDumpOnOutOfMemoryError -Xms256m -Xmx512m -Dfile.encoding=UTF-8 -Duser.country=RU -Duser.language=ru -Duser.variant -javaagent:C:\Users\tester\.gradle\wrapper\dists\gradle-8.10-bin\deqhafrv1ntovfmgh0nh3npr9\gradle-8.10\lib\agents\gradle-instrumentation-agent-8.10.jar 
java_command: org.gradle.launcher.daemon.bootstrap.GradleDaemon 8.10
java_class_path (initial): C:\Users\tester\.gradle\wrapper\dists\gradle-8.10-bin\deqhafrv1ntovfmgh0nh3npr9\gradle-8.10\lib\gradle-daemon-main-8.10.jar
Launcher Type: SUN_STANDARD

[Global flags]
     intx CICompilerCount                          = 3                                         {product} {ergonomic}
   size_t CompressedClassSpaceSize                 = 335544320                                 {product} {ergonomic}
     uint ConcGCThreads                            = 1                                         {product} {ergonomic}
     uint G1ConcRefinementThreads                  = 4                                         {product} {ergonomic}
   size_t G1HeapRegionSize                         = 1048576                                   {product} {ergonomic}
    uintx GCDrainStackTargetSize                   = 64                                        {product} {ergonomic}
     bool HeapDumpOnOutOfMemoryError               = true                                   {manageable} {command line}
   size_t InitialHeapSize                          = 268435456                                 {product} {command line}
   size_t MarkStackSize                            = 4194304                                   {product} {ergonomic}
   size_t MaxHeapSize                              = 536870912                                 {product} {command line}
   size_t MaxMetaspaceSize                         = 402653184                                 {product} {command line}
   size_t MaxNewSize                               = 321912832                                 {product} {ergonomic}
   size_t MinHeapDeltaBytes                        = 1048576                                   {product} {ergonomic}
   size_t MinHeapSize                              = 268435456                                 {product} {command line}
    uintx NonNMethodCodeHeapSize                   = 5832780                                {pd product} {ergonomic}
    uintx NonProfiledCodeHeapSize                  = 122912730                              {pd product} {ergonomic}
    uintx ProfiledCodeHeapSize                     = 122912730                              {pd product} {ergonomic}
    uintx ReservedCodeCacheSize                    = 251658240                              {pd product} {ergonomic}
     bool SegmentedCodeCache                       = true                                      {product} {ergonomic}
   size_t SoftMaxHeapSize                          = 536870912                              {manageable} {ergonomic}
     bool UseCompressedOops                        = true                           {product lp64_product} {ergonomic}
     bool UseG1GC                                  = true                                      {product} {ergonomic}
     bool UseLargePagesIndividualAllocation        = false                                  {pd product} {ergonomic}

Logging:
Log output configuration:
 #0: stdout all=warning uptime,level,tags foldmultilines=false
 #1: stderr all=off uptime,level,tags foldmultilines=false

Environment Variables:
JAVA_HOME=C:\Program Files\Zulu\zulu-21
PATH=C:\Program Files\Zulu\zulu-21\bin\;C:\Windows\system32;C:\Windows;C:\Windows\System32\Wbem;C:\Windows\System32\WindowsPowerShell\v1.0\;C:\Windows\System32\OpenSSH\;C:\Program Files\Microsoft SQL Server\Client SDK\ODBC\110\Tools\Binn\;C:\Program Files (x86)\Microsoft SQL Server\120\Tools\Binn\;C:\Program Files\Microsoft SQL Server\120\Tools\Binn\;C:\Program Files\Microsoft SQL Server\120\DTS\Binn\;C:\Program Files\Git\cmd;C:\Users\tester\AppData\Local\Microsoft\WindowsApps;C:\Users\tester\AppData\Local\gitkraken\bin;C:\ProgramData\tester\GitHubDesktop\bin;C:\Users\tester\AppData\Local\GitHubDesktop\bin
USERNAME=tester
OS=Windows_NT
PROCESSOR_IDENTIFIER=Intel64 Family 6 Model 165 Stepping 5, GenuineIntel
TMP=C:\Users\tester\AppData\Local\Temp
TEMP=C:\Users\tester\AppData\Local\Temp




Periodic native trim disabled

---------------  S Y S T E M  ---------------

OS:
 Windows 10 , 64 bit Build 19041 (10.0.19041.5678)
OS uptime: 0 days 2:17 hours

CPU: total 4 (initial active 4) (4 cores per cpu, 1 threads per core) family 6 model 165 stepping 5 microcode 0x0, cx8, cmov, fxsr, mmx, 3dnowpref, sse, sse2, sse3, ssse3, sse4.1, sse4.2, popcnt, lzcnt, tsc, tscinvbit, avx, avx2, aes, clmul, bmi1, bmi2, vzeroupper, clflush, clflushopt, hv, rdtscp
Processor Information for the first 4 processors :
  Max Mhz: 2904, Current Mhz: 2904, Mhz Limit: 2904

Memory: 4k page, system-wide physical 16383M (7042M free)
TotalPageFile size 18815M (AvailPageFile size 7845M)
current process WorkingSet (physical memory assigned to process): 437M, peak: 448M
current process commit charge ("private bytes"): 487M, peak: 496M

vm_info: OpenJDK 64-Bit Server VM (21.0.6+7-LTS) for windows-amd64 JRE (21.0.6+7-LTS), built on 2025-01-07T23:42:01Z by "Administrator" with MS VC++ 16.10 / 16.11 (VS2019)

END.
